TN:
SF:/d/Projects/sample repo/c/cJSON/D:/Projects/sample repo/c/cJSON/cJSON.c
FN:94,cJSON_GetErrorPtr
FNDA:0,cJSON_GetErrorPtr
FN:99,cJSON_GetStringValue
FNDA:0,cJSON_GetStringValue
FN:109,cJSON_GetNumberValue
FNDA:0,cJSON_GetNumberValue
FN:124,cJSON_Version
FNDA:1,cJSON_Version
FN:133,case_insensitive_strcmp
FNDA:0,case_insensitive_strcmp
FN:188,cJSON_strdup
FNDA:57,cJSON_strdup
FN:209,cJSON_InitHooks
FNDA:0,cJSON_InitHooks
FN:241,cJSON_New_Item
FNDA:64,cJSON_New_Item
FN:253,cJSON_Delete
FNDA:21,cJSON_Delete
FN:279,get_decimal_point
FNDA:72,get_decimal_point
FN:307,parse_number
FNDA:0,parse_number
FN:411,cJSON_SetNumberHelper
FNDA:0,cJSON_SetNumberHelper
FN:430,cJSON_SetValuestring
FNDA:0,cJSON_SetValuestring
FN:485,ensure
FNDA:681,ensure
FN:571,update_offset
FNDA:276,update_offset
FN:584,compare_double
FNDA:12,compare_double
FN:591,print_number
FNDA:72,print_number
FN:661,parse_hex4
FNDA:0,parse_hex4
FN:698,utf16_literal_to_utf8
FNDA:0,utf16_literal_to_utf8
FN:819,parse_string
FNDA:0,parse_string
FN:949,print_string_ptr
FNDA:171,print_string_ptr
FN:1071,print_string
FNDA:72,print_string
FN:1085,buffer_skip_whitespace
FNDA:0,buffer_skip_whitespace
FN:1111,skip_utf8_bom
FNDA:0,skip_utf8_bom
FN:1126,cJSON_ParseWithOpts
FNDA:0,cJSON_ParseWithOpts
FN:1142,cJSON_ParseWithLengthOpts
FNDA:0,cJSON_ParseWithLengthOpts
FN:1222,cJSON_Parse
FNDA:0,cJSON_Parse
FN:1227,cJSON_ParseWithLength
FNDA:0,cJSON_ParseWithLength
FN:1234,print
FNDA:6,print
FN:1302,cJSON_Print
FNDA:6,cJSON_Print
FN:1307,cJSON_PrintUnformatted
FNDA:0,cJSON_PrintUnformatted
FN:1312,cJSON_PrintBuffered
FNDA:0,cJSON_PrintBuffered
FN:1343,cJSON_PrintPreallocated
FNDA:12,cJSON_PrintPreallocated
FN:1363,parse_value
FNDA:0,parse_value
FN:1418,print_value
FNDA:192,print_value
FN:1492,parse_array
FNDA:0,parse_array
FN:1590,print_array
FNDA:21,print_array
FN:1657,parse_object
FNDA:0,parse_object
FN:1775,print_object
FNDA:24,print_object
FN:1894,cJSON_GetArraySize
FNDA:0,cJSON_GetArraySize
FN:1917,get_array_item
FNDA:0,get_array_item
FN:1936,cJSON_GetArrayItem
FNDA:0,cJSON_GetArrayItem
FN:1946,get_object_item
FNDA:0,get_object_item
FN:1978,cJSON_GetObjectItem
FNDA:0,cJSON_GetObjectItem
FN:1983,cJSON_GetObjectItemCaseSensitive
FNDA:0,cJSON_GetObjectItemCaseSensitive
FN:1988,cJSON_HasObjectItem
FNDA:0,cJSON_HasObjectItem
FN:1994,suffix_object
FNDA:43,suffix_object
FN:2001,create_reference
FNDA:0,create_reference
FN:2022,add_item_to_array
FNDA:38,add_item_to_array
FN:2056,cJSON_AddItemToArray
FNDA:5,cJSON_AddItemToArray
FN:2068,cast_away_const
FNDA:0,cast_away_const
FN:2077,add_item_to_object
FNDA:33,add_item_to_object
FN:2114,cJSON_AddItemToObject
FNDA:5,cJSON_AddItemToObject
FN:2120,cJSON_AddItemToObjectCS
FNDA:0,cJSON_AddItemToObjectCS
FN:2125,cJSON_AddItemReferenceToArray
FNDA:0,cJSON_AddItemReferenceToArray
FN:2135,cJSON_AddItemReferenceToObject
FNDA:0,cJSON_AddItemReferenceToObject
FN:2145,cJSON_AddNullToObject
FNDA:0,cJSON_AddNullToObject
FN:2157,cJSON_AddTrueToObject
FNDA:0,cJSON_AddTrueToObject
FN:2169,cJSON_AddFalseToObject
FNDA:1,cJSON_AddFalseToObject
FN:2181,cJSON_AddBoolToObject
FNDA:0,cJSON_AddBoolToObject
FN:2193,cJSON_AddNumberToObject
FNDA:11,cJSON_AddNumberToObject
FN:2205,cJSON_AddStringToObject
FNDA:16,cJSON_AddStringToObject
FN:2217,cJSON_AddRawToObject
FNDA:0,cJSON_AddRawToObject
FN:2229,cJSON_AddObjectToObject
FNDA:0,cJSON_AddObjectToObject
FN:2241,cJSON_AddArrayToObject
FNDA:0,cJSON_AddArrayToObject
FN:2253,cJSON_DetachItemViaPointer
FNDA:0,cJSON_DetachItemViaPointer
FN:2289,cJSON_DetachItemFromArray
FNDA:0,cJSON_DetachItemFromArray
FN:2299,cJSON_DeleteItemFromArray
FNDA:0,cJSON_DeleteItemFromArray
FN:2304,cJSON_DetachItemFromObject
FNDA:0,cJSON_DetachItemFromObject
FN:2311,cJSON_DetachItemFromObjectCaseSensitive
FNDA:0,cJSON_DetachItemFromObjectCaseSensitive
FN:2318,cJSON_DeleteItemFromObject
FNDA:0,cJSON_DeleteItemFromObject
FN:2323,cJSON_DeleteItemFromObjectCaseSensitive
FNDA:0,cJSON_DeleteItemFromObjectCaseSensitive
FN:2329,cJSON_InsertItemInArray
FNDA:0,cJSON_InsertItemInArray
FN:2363,cJSON_ReplaceItemViaPointer
FNDA:0,cJSON_ReplaceItemViaPointer
FN:2412,cJSON_ReplaceItemInArray
FNDA:0,cJSON_ReplaceItemInArray
FN:2422,replace_item_in_object
FNDA:0,replace_item_in_object
FN:2445,cJSON_ReplaceItemInObject
FNDA:0,cJSON_ReplaceItemInObject
FN:2450,cJSON_ReplaceItemInObjectCaseSensitive
FNDA:0,cJSON_ReplaceItemInObjectCaseSensitive
FN:2456,cJSON_CreateNull
FNDA:0,cJSON_CreateNull
FN:2467,cJSON_CreateTrue
FNDA:0,cJSON_CreateTrue
FN:2478,cJSON_CreateFalse
FNDA:1,cJSON_CreateFalse
FN:2489,cJSON_CreateBool
FNDA:0,cJSON_CreateBool
FN:2500,cJSON_CreateNumber
FNDA:24,cJSON_CreateNumber
FN:2526,cJSON_CreateString
FNDA:24,cJSON_CreateString
FN:2543,cJSON_CreateStringReference
FNDA:0,cJSON_CreateStringReference
FN:2555,cJSON_CreateObjectReference
FNDA:0,cJSON_CreateObjectReference
FN:2566,cJSON_CreateArrayReference
FNDA:0,cJSON_CreateArrayReference
FN:2576,cJSON_CreateRaw
FNDA:0,cJSON_CreateRaw
FN:2593,cJSON_CreateArray
FNDA:7,cJSON_CreateArray
FN:2604,cJSON_CreateObject
FNDA:8,cJSON_CreateObject
FN:2616,cJSON_CreateIntArray
FNDA:4,cJSON_CreateIntArray
FN:2656,cJSON_CreateFloatArray
FNDA:0,cJSON_CreateFloatArray
FN:2696,cJSON_CreateDoubleArray
FNDA:0,cJSON_CreateDoubleArray
FN:2736,cJSON_CreateStringArray
FNDA:1,cJSON_CreateStringArray
FN:2779,cJSON_Duplicate
FNDA:0,cJSON_Duplicate
FN:2784,cJSON_Duplicate_rec
FNDA:0,cJSON_Duplicate_rec
FN:2870,skip_oneline_comment
FNDA:0,skip_oneline_comment
FN:2883,skip_multiline_comment
FNDA:0,skip_multiline_comment
FN:2897,minify_string
FNDA:0,minify_string
FN:2919,cJSON_Minify
FNDA:0,cJSON_Minify
FN:2967,cJSON_IsInvalid
FNDA:0,cJSON_IsInvalid
FN:2977,cJSON_IsFalse
FNDA:0,cJSON_IsFalse
FN:2987,cJSON_IsTrue
FNDA:0,cJSON_IsTrue
FN:2998,cJSON_IsBool
FNDA:0,cJSON_IsBool
FN:3007,cJSON_IsNull
FNDA:0,cJSON_IsNull
FN:3017,cJSON_IsNumber
FNDA:0,cJSON_IsNumber
FN:3027,cJSON_IsString
FNDA:0,cJSON_IsString
FN:3037,cJSON_IsArray
FNDA:0,cJSON_IsArray
FN:3047,cJSON_IsObject
FNDA:0,cJSON_IsObject
FN:3057,cJSON_IsRaw
FNDA:0,cJSON_IsRaw
FN:3067,cJSON_Compare
FNDA:0,cJSON_Compare
FN:3192,cJSON_malloc
FNDA:0,cJSON_malloc
FN:3197,cJSON_free
FNDA:0,cJSON_free
FNF:113
FNH:32
DA:94,0
DA:96,0
DA:99,0
DA:101,0
BRDA:101,0,0,-
BRDA:101,0,1,-
DA:103,0
DA:106,0
DA:109,0
DA:111,0
BRDA:111,0,0,-
BRDA:111,0,1,-
DA:113,0
DA:116,0
DA:124,1
DA:127,1
DA:129,1
DA:133,0
DA:135,0
BRDA:135,0,0,-
BRDA:135,0,1,-
BRDA:135,0,2,-
BRDA:135,0,3,-
DA:137,0
DA:140,0
BRDA:140,0,0,-
BRDA:140,0,1,-
DA:142,0
DA:145,0
BRDA:145,0,0,-
BRDA:145,0,1,-
DA:147,0
BRDA:147,0,0,-
BRDA:147,0,1,-
DA:149,0
DA:153,0
DA:188,57
DA:190,57
DA:191,57
DA:193,57
BRDA:193,0,0,0
BRDA:193,0,1,57
DA:195,0
DA:198,57
DA:199,57
DA:200,57
BRDA:200,0,0,0
BRDA:200,0,1,57
DA:202,0
DA:204,57
DA:206,57
DA:209,0
DA:211,0
BRDA:211,0,0,-
BRDA:211,0,1,-
DA:214,0
DA:215,0
DA:216,0
DA:217,0
DA:220,0
DA:221,0
BRDA:221,0,0,-
BRDA:221,0,1,-
DA:223,0
DA:226,0
DA:227,0
BRDA:227,0,0,-
BRDA:227,0,1,-
DA:229,0
DA:233,0
DA:234,0
BRDA:234,0,0,-
BRDA:234,0,1,-
BRDA:234,0,2,-
BRDA:234,0,3,-
DA:236,0
DA:241,64
DA:243,64
DA:244,64
BRDA:244,0,0,64
BRDA:244,0,1,0
DA:246,64
DA:249,64
DA:253,21
DA:255,21
DA:256,85
BRDA:256,0,0,64
BRDA:256,0,1,21
DA:258,64
DA:259,64
BRDA:259,0,0,64
BRDA:259,0,1,0
BRDA:259,0,2,15
BRDA:259,0,3,49
DA:261,15
DA:263,64
BRDA:263,0,0,64
BRDA:263,0,1,0
BRDA:263,0,2,24
BRDA:263,0,3,40
DA:265,24
DA:266,24
DA:268,64
BRDA:268,0,0,64
BRDA:268,0,1,0
BRDA:268,0,2,33
BRDA:268,0,3,31
DA:270,33
DA:271,33
DA:273,64
DA:274,64
DA:276,21
DA:279,72
DA:282,72
DA:283,72
DA:307,0
DA:309,0
DA:310,0
DA:312,0
DA:313,0
DA:314,0
DA:315,0
DA:317,0
BRDA:317,0,0,-
BRDA:317,0,1,-
BRDA:317,0,2,-
BRDA:317,0,3,-
DA:319,0
DA:325,0
BRDA:325,0,0,-
BRDA:325,0,1,-
BRDA:325,0,2,-
BRDA:325,0,3,-
DA:327,0
BRDA:327,0,0,-
BRDA:327,0,1,-
BRDA:327,0,2,-
DA:329,0
DA:343,0
DA:344,0
DA:346,0
DA:347,0
DA:348,0
DA:349,0
DA:351,0
DA:352,0
DA:355,0
DA:357,0
DA:358,0
BRDA:358,0,0,-
BRDA:358,0,1,-
DA:360,0
DA:363,0
DA:364,0
DA:366,0
BRDA:366,0,0,-
BRDA:366,0,1,-
DA:368,0
BRDA:368,0,0,-
BRDA:368,0,1,-
DA:370,0
BRDA:370,0,0,-
BRDA:370,0,1,-
DA:373,0
DA:378,0
DA:379,0
BRDA:379,0,0,-
BRDA:379,0,1,-
DA:382,0
DA:383,0
DA:386,0
DA:389,0
BRDA:389,0,0,-
BRDA:389,0,1,-
DA:391,0
DA:393,0
BRDA:393,0,0,-
BRDA:393,0,1,-
DA:395,0
DA:399,0
DA:402,0
DA:404,0
DA:406,0
DA:407,0
DA:411,0
DA:413,0
BRDA:413,0,0,-
BRDA:413,0,1,-
DA:415,0
DA:417,0
BRDA:417,0,0,-
BRDA:417,0,1,-
DA:419,0
DA:423,0
DA:426,0
DA:430,0
DA:432,0
DA:436,0
BRDA:436,0,0,-
BRDA:436,0,1,-
BRDA:436,0,2,-
BRDA:436,0,3,-
BRDA:436,0,4,-
BRDA:436,0,5,-
DA:438,0
DA:441,0
BRDA:441,0,0,-
BRDA:441,0,1,-
BRDA:441,0,2,-
BRDA:441,0,3,-
DA:443,0
DA:446,0
DA:447,0
DA:449,0
BRDA:449,0,0,-
BRDA:449,0,1,-
DA:452,0
BRDA:452,0,0,-
BRDA:452,0,1,-
BRDA:452,0,2,-
BRDA:452,0,3,-
DA:454,0
DA:456,0
DA:457,0
DA:459,0
DA:460,0
BRDA:460,0,0,-
BRDA:460,0,1,-
DA:462,0
DA:464,0
BRDA:464,0,0,-
BRDA:464,0,1,-
DA:466,0
DA:468,0
DA:470,0
DA:485,681
DA:487,681
DA:488,681
DA:490,681
BRDA:490,0,0,681
BRDA:490,0,1,0
BRDA:490,0,2,0
BRDA:490,0,3,681
DA:492,0
DA:495,681
BRDA:495,0,0,681
BRDA:495,0,1,0
BRDA:495,0,2,0
BRDA:495,0,3,681
DA:498,0
DA:501,681
BRDA:501,0,0,0
BRDA:501,0,1,681
DA:504,0
DA:507,681
DA:508,681
BRDA:508,0,0,674
BRDA:508,0,1,7
DA:510,674
DA:513,7
BRDA:513,0,0,6
BRDA:513,0,1,1
DA:514,6
DA:518,1
BRDA:518,0,0,0
BRDA:518,0,1,1
DA:521,0
BRDA:521,0,0,-
BRDA:521,0,1,-
DA:523,0
DA:527,0
DA:532,1
DA:535,1
BRDA:535,0,0,1
BRDA:535,0,1,0
DA:538,1
DA:539,1
BRDA:539,0,0,0
BRDA:539,0,1,1
DA:541,0
DA:542,0
DA:543,0
DA:545,0
DA:551,0
DA:552,0
BRDA:552,0,0,-
BRDA:552,0,1,-
DA:554,0
DA:555,0
DA:556,0
DA:558,0
DA:561,0
DA:562,0
DA:564,1
DA:565,1
DA:567,1
DA:571,276
DA:573,276
DA:574,276
BRDA:574,0,0,276
BRDA:574,0,1,0
BRDA:574,0,2,0
BRDA:574,0,3,276
DA:576,0
DA:578,276
DA:580,276
DA:584,12
DA:586,12
BRDA:586,0,0,0
BRDA:586,0,1,12
DA:587,12
DA:591,72
DA:593,72
DA:594,72
DA:595,72
DA:596,72
DA:597,72
DA:598,72
DA:599,72
DA:601,72
BRDA:601,0,0,0
BRDA:601,0,1,72
DA:603,0
DA:607,72
BRDA:607,0,0,72
BRDA:607,0,1,0
BRDA:607,0,2,3
BRDA:607,0,3,69
DA:609,3
DA:611,69
BRDA:611,0,0,57
BRDA:611,0,1,12
DA:613,57
DA:618,12
DA:621,12
BRDA:621,0,0,12
BRDA:621,0,1,0
BRDA:621,0,2,0
BRDA:621,0,3,12
DA:624,0
DA:629,72
BRDA:629,0,0,72
BRDA:629,0,1,0
BRDA:629,0,2,0
BRDA:629,0,3,72
DA:631,0
DA:635,72
DA:636,72
BRDA:636,0,0,0
BRDA:636,0,1,72
DA:638,0
DA:643,312
BRDA:643,0,0,240
BRDA:643,0,1,72
DA:645,240
BRDA:645,0,0,12
BRDA:645,0,1,228
DA:647,12
DA:648,12
DA:651,228
DA:653,72
DA:655,72
DA:657,72
DA:661,0
DA:663,0
DA:664,0
DA:666,0
BRDA:666,0,0,-
BRDA:666,0,1,-
DA:669,0
BRDA:669,0,0,-
BRDA:669,0,1,-
BRDA:669,0,2,-
BRDA:669,0,3,-
DA:671,0
DA:673,0
BRDA:673,0,0,-
BRDA:673,0,1,-
BRDA:673,0,2,-
BRDA:673,0,3,-
DA:675,0
DA:677,0
BRDA:677,0,0,-
BRDA:677,0,1,-
BRDA:677,0,2,-
BRDA:677,0,3,-
DA:679,0
DA:683,0
DA:686,0
BRDA:686,0,0,-
BRDA:686,0,1,-
DA:689,0
DA:693,0
DA:698,0
DA:700,0
DA:701,0
DA:702,0
DA:703,0
DA:704,0
DA:705,0
DA:706,0
DA:708,0
BRDA:708,0,0,-
BRDA:708,0,1,-
DA:711,0
DA:715,0
DA:718,0
BRDA:718,0,0,-
BRDA:718,0,1,-
BRDA:718,0,2,-
BRDA:718,0,3,-
DA:720,0
DA:724,0
BRDA:724,0,0,-
BRDA:724,0,1,-
BRDA:724,0,2,-
BRDA:724,0,3,-
DA:725,0
DA:726,0
DA:727,0
DA:728,0
DA:730,0
BRDA:730,0,0,-
BRDA:730,0,1,-
DA:733,0
DA:736,0
BRDA:736,0,0,-
BRDA:736,0,1,-
BRDA:736,0,2,-
BRDA:736,0,3,-
DA:739,0
DA:743,0
DA:745,0
BRDA:745,0,0,-
BRDA:745,0,1,-
BRDA:745,0,2,-
BRDA:745,0,3,-
DA:748,0
DA:753,0
DA:757,0
DA:758,0
DA:764,0
BRDA:764,0,0,-
BRDA:764,0,1,-
DA:767,0
DA:769,0
BRDA:769,0,0,-
BRDA:769,0,1,-
DA:772,0
DA:773,0
DA:775,0
BRDA:775,0,0,-
BRDA:775,0,1,-
DA:778,0
DA:779,0
DA:781,0
BRDA:781,0,0,-
BRDA:781,0,1,-
DA:784,0
DA:785,0
DA:790,0
DA:794,0
BRDA:794,0,0,-
BRDA:794,0,1,-
DA:797,0
DA:798,0
DA:801,0
BRDA:801,0,0,-
BRDA:801,0,1,-
DA:803,0
DA:807,0
DA:810,0
DA:812,0
DA:814,0
DA:815,0
DA:819,0
DA:821,0
DA:822,0
DA:823,0
DA:824,0
DA:827,0
BRDA:827,0,0,-
BRDA:827,0,1,-
DA:829,0
DA:834,0
DA:835,0
DA:836,0
BRDA:836,0,0,-
BRDA:836,0,1,-
BRDA:836,0,2,-
BRDA:836,0,3,-
DA:839,0
BRDA:839,0,0,-
BRDA:839,0,1,-
DA:841,0
BRDA:841,0,0,-
BRDA:841,0,1,-
DA:844,0
DA:846,0
DA:847,0
DA:849,0
DA:851,0
BRDA:851,0,0,-
BRDA:851,0,1,-
BRDA:851,0,2,-
BRDA:851,0,3,-
DA:853,0
DA:857,0
DA:858,0
DA:859,0
BRDA:859,0,0,-
BRDA:859,0,1,-
DA:861,0
DA:865,0
DA:867,0
BRDA:867,0,0,-
BRDA:867,0,1,-
DA:869,0
BRDA:869,0,0,-
BRDA:869,0,1,-
DA:871,0
DA:876,0
DA:877,0
BRDA:877,0,0,-
BRDA:877,0,1,-
DA:879,0
DA:882,0
BRDA:882,0,0,-
BRDA:882,0,1,-
BRDA:882,0,2,-
BRDA:882,0,3,-
BRDA:882,0,4,-
BRDA:882,0,5,-
BRDA:882,0,6,-
BRDA:882,0,7,-
DA:884,0
DA:885,0
DA:886,0
DA:887,0
DA:888,0
DA:889,0
DA:890,0
DA:891,0
DA:892,0
DA:893,0
DA:894,0
DA:895,0
DA:896,0
DA:897,0
DA:898,0
DA:899,0
DA:902,0
DA:903,0
DA:906,0
DA:907,0
DA:908,0
BRDA:908,0,0,-
BRDA:908,0,1,-
DA:911,0
DA:913,0
DA:915,0
DA:916,0
DA:918,0
DA:923,0
DA:925,0
DA:926,0
DA:928,0
DA:929,0
DA:931,0
DA:933,0
DA:934,0
BRDA:934,0,0,-
BRDA:934,0,1,-
DA:936,0
DA:937,0
DA:940,0
BRDA:940,0,0,-
BRDA:940,0,1,-
DA:942,0
DA:945,0
DA:949,171
DA:951,171
DA:952,171
DA:953,171
DA:954,171
DA:956,171
DA:958,171
BRDA:958,0,0,0
BRDA:958,0,1,171
DA:960,0
DA:964,171
BRDA:964,0,0,0
BRDA:964,0,1,171
DA:966,0
DA:967,0
BRDA:967,0,0,-
BRDA:967,0,1,-
DA:969,0
DA:971,0
DA:973,0
DA:977,1314
BRDA:977,0,0,1143
BRDA:977,0,1,171
DA:979,1143
BRDA:979,0,0,6
BRDA:979,0,1,1137
DA:981,6
DA:989,6
DA:990,6
DA:991,1137
DA:992,1137
BRDA:992,0,0,0
BRDA:992,0,1,1137
DA:995,0
DA:997,1137
DA:1000,171
DA:1002,171
DA:1003,171
BRDA:1003,0,0,1
BRDA:1003,0,1,170
DA:1005,1
DA:1009,170
BRDA:1009,0,0,167
BRDA:1009,0,1,3
DA:1011,167
DA:1012,167
DA:1013,167
DA:1014,167
DA:1016,167
DA:1019,3
DA:1020,3
DA:1022,60
BRDA:1022,0,0,57
BRDA:1022,0,1,3
DA:1024,57
BRDA:1024,0,0,57
BRDA:1024,0,1,0
BRDA:1024,0,2,51
BRDA:1024,0,3,6
BRDA:1024,0,4,51
BRDA:1024,0,5,0
DA:1027,51
DA:1032,6
DA:1033,6
BRDA:1033,0,0,0
BRDA:1033,0,1,6
BRDA:1033,0,2,0
BRDA:1033,0,3,0
BRDA:1033,0,4,0
BRDA:1033,0,5,0
BRDA:1033,0,6,0
BRDA:1033,0,7,0
DA:1035,0
DA:1036,0
DA:1037,0
DA:1038,6
DA:1039,6
DA:1040,6
DA:1041,0
DA:1042,0
DA:1043,0
DA:1044,0
DA:1045,0
DA:1046,0
DA:1047,0
DA:1048,0
DA:1049,0
DA:1050,0
DA:1051,0
DA:1052,0
DA:1053,0
DA:1054,0
DA:1055,0
DA:1056,0
DA:1058,0
DA:1059,0
DA:1060,0
DA:1064,3
DA:1065,3
DA:1067,3
DA:1071,72
DA:1073,72
DA:1085,0
DA:1087,0
BRDA:1087,0,0,-
BRDA:1087,0,1,-
BRDA:1087,0,2,-
BRDA:1087,0,3,-
DA:1089,0
DA:1092,0
BRDA:1092,0,0,-
BRDA:1092,0,1,-
BRDA:1092,0,2,-
BRDA:1092,0,3,-
DA:1094,0
DA:1097,0
BRDA:1097,0,0,-
BRDA:1097,0,1,-
BRDA:1097,0,2,-
BRDA:1097,0,3,-
BRDA:1097,0,4,-
BRDA:1097,0,5,-
DA:1099,0
DA:1102,0
BRDA:1102,0,0,-
BRDA:1102,0,1,-
DA:1104,0
DA:1107,0
DA:1111,0
DA:1113,0
BRDA:1113,0,0,-
BRDA:1113,0,1,-
BRDA:1113,0,2,-
BRDA:1113,0,3,-
BRDA:1113,0,4,-
BRDA:1113,0,5,-
DA:1115,0
DA:1118,0
BRDA:1118,0,0,-
BRDA:1118,0,1,-
BRDA:1118,0,2,-
BRDA:1118,0,3,-
BRDA:1118,0,4,-
BRDA:1118,0,5,-
DA:1120,0
DA:1123,0
DA:1126,0
DA:1130,0
BRDA:1130,0,0,-
BRDA:1130,0,1,-
DA:1132,0
DA:1136,0
DA:1138,0
DA:1142,0
DA:1144,0
DA:1145,0
DA:1148,0
DA:1149,0
DA:1151,0
BRDA:1151,0,0,-
BRDA:1151,0,1,-
BRDA:1151,0,2,-
BRDA:1151,0,3,-
DA:1153,0
DA:1156,0
DA:1157,0
DA:1158,0
DA:1159,0
DA:1161,0
DA:1162,0
BRDA:1162,0,0,-
BRDA:1162,0,1,-
DA:1164,0
DA:1167,0
BRDA:1167,0,0,-
BRDA:1167,0,1,-
DA:1170,0
DA:1174,0
BRDA:1174,0,0,-
BRDA:1174,0,1,-
DA:1176,0
DA:1177,0
BRDA:1177,0,0,-
BRDA:1177,0,1,-
BRDA:1177,0,2,-
BRDA:1177,0,3,-
DA:1179,0
DA:1182,0
BRDA:1182,0,0,-
BRDA:1182,0,1,-
DA:1184,0
DA:1187,0
DA:1189,0
DA:1190,0
BRDA:1190,0,0,-
BRDA:1190,0,1,-
DA:1192,0
DA:1195,0
BRDA:1195,0,0,-
BRDA:1195,0,1,-
DA:1198,0
DA:1199,0
DA:1201,0
BRDA:1201,0,0,-
BRDA:1201,0,1,-
DA:1203,0
DA:1205,0
BRDA:1205,0,0,-
BRDA:1205,0,1,-
DA:1207,0
DA:1210,0
BRDA:1210,0,0,-
BRDA:1210,0,1,-
DA:1212,0
DA:1215,0
DA:1218,0
DA:1222,0
DA:1224,0
DA:1227,0
DA:1229,0
DA:1234,6
DA:1238,6
DA:1240,6
DA:1243,6
DA:1244,6
DA:1245,6
DA:1246,6
DA:1247,6
BRDA:1247,0,0,0
BRDA:1247,0,1,6
DA:1249,0
DA:1253,6
BRDA:1253,0,0,0
BRDA:1253,0,1,6
DA:1255,0
DA:1257,6
DA:1260,6
BRDA:1260,0,0,6
BRDA:1260,0,1,0
DA:1262,6
DA:1263,6
BRDA:1263,0,0,0
BRDA:1263,0,1,6
DA:1264,0
DA:1266,6
DA:1270,0
DA:1271,0
BRDA:1271,0,0,-
BRDA:1271,0,1,-
DA:1273,0
DA:1275,0
DA:1276,0
DA:1279,0
DA:1280,0
DA:1283,6
DA:1285,0
DA:1286,0
BRDA:1286,0,0,-
BRDA:1286,0,1,-
DA:1288,0
DA:1289,0
DA:1292,0
BRDA:1292,0,0,-
BRDA:1292,0,1,-
DA:1294,0
DA:1295,0
DA:1298,0
DA:1302,6
DA:1304,6
DA:1307,0
DA:1309,0
DA:1312,0
DA:1314,0
DA:1316,0
BRDA:1316,0,0,-
BRDA:1316,0,1,-
DA:1318,0
DA:1321,0
DA:1322,0
BRDA:1322,0,0,-
BRDA:1322,0,1,-
DA:1324,0
DA:1327,0
DA:1328,0
DA:1329,0
DA:1330,0
DA:1331,0
DA:1333,0
BRDA:1333,0,0,-
BRDA:1333,0,1,-
DA:1335,0
DA:1336,0
DA:1337,0
DA:1340,0
DA:1343,12
DA:1345,12
DA:1347,12
BRDA:1347,0,0,12
BRDA:1347,0,1,0
BRDA:1347,0,2,0
BRDA:1347,0,3,12
DA:1349,0
DA:1352,12
DA:1353,12
DA:1354,12
DA:1355,12
DA:1356,12
DA:1357,12
DA:1359,12
DA:1363,0
DA:1365,0
BRDA:1365,0,0,-
BRDA:1365,0,1,-
BRDA:1365,0,2,-
BRDA:1365,0,3,-
DA:1367,0
DA:1372,0
BRDA:1372,0,0,-
BRDA:1372,0,1,-
BRDA:1372,0,2,-
BRDA:1372,0,3,-
BRDA:1372,0,4,-
BRDA:1372,0,5,-
DA:1374,0
DA:1375,0
DA:1376,0
DA:1379,0
BRDA:1379,0,0,-
BRDA:1379,0,1,-
BRDA:1379,0,2,-
BRDA:1379,0,3,-
BRDA:1379,0,4,-
BRDA:1379,0,5,-
DA:1381,0
DA:1382,0
DA:1383,0
DA:1386,0
BRDA:1386,0,0,-
BRDA:1386,0,1,-
BRDA:1386,0,2,-
BRDA:1386,0,3,-
BRDA:1386,0,4,-
BRDA:1386,0,5,-
DA:1388,0
DA:1389,0
DA:1390,0
DA:1391,0
DA:1394,0
BRDA:1394,0,0,-
BRDA:1394,0,1,-
BRDA:1394,0,2,-
BRDA:1394,0,3,-
BRDA:1394,0,4,-
BRDA:1394,0,5,-
DA:1396,0
DA:1399,0
BRDA:1399,0,0,-
BRDA:1399,0,1,-
BRDA:1399,0,2,-
BRDA:1399,0,3,-
BRDA:1399,0,4,-
BRDA:1399,0,5,-
BRDA:1399,0,6,-
BRDA:1399,0,7,-
BRDA:1399,0,8,-
BRDA:1399,0,9,-
DA:1401,0
DA:1404,0
BRDA:1404,0,0,-
BRDA:1404,0,1,-
BRDA:1404,0,2,-
BRDA:1404,0,3,-
BRDA:1404,0,4,-
BRDA:1404,0,5,-
DA:1406,0
DA:1409,0
BRDA:1409,0,0,-
BRDA:1409,0,1,-
BRDA:1409,0,2,-
BRDA:1409,0,3,-
BRDA:1409,0,4,-
BRDA:1409,0,5,-
DA:1411,0
DA:1414,0
DA:1418,192
DA:1420,192
DA:1422,192
BRDA:1422,0,0,192
BRDA:1422,0,1,0
BRDA:1422,0,2,0
BRDA:1422,0,3,192
DA:1424,0
DA:1427,192
BRDA:1427,0,0,0
BRDA:1427,0,1,3
BRDA:1427,0,2,0
BRDA:1427,0,3,72
BRDA:1427,0,4,0
BRDA:1427,0,5,72
BRDA:1427,0,6,21
BRDA:1427,0,7,24
BRDA:1427,0,8,0
DA:1429,0
DA:1430,0
DA:1431,0
BRDA:1431,0,0,-
BRDA:1431,0,1,-
DA:1433,0
DA:1435,0
DA:1436,0
DA:1438,3
DA:1439,3
DA:1440,3
BRDA:1440,0,0,0
BRDA:1440,0,1,3
DA:1442,0
DA:1444,3
DA:1445,3
DA:1447,0
DA:1448,0
DA:1449,0
BRDA:1449,0,0,-
BRDA:1449,0,1,-
DA:1451,0
DA:1453,0
DA:1454,0
DA:1456,72
DA:1457,72
DA:1459,0
DA:1461,0
DA:1462,0
BRDA:1462,0,0,-
BRDA:1462,0,1,-
DA:1464,0
DA:1467,0
DA:1468,0
DA:1469,0
BRDA:1469,0,0,-
BRDA:1469,0,1,-
DA:1471,0
DA:1473,0
DA:1474,0
DA:1477,72
DA:1478,72
DA:1480,21
DA:1481,21
DA:1483,24
DA:1484,24
DA:1486,0
DA:1487,0
DA:1492,0
DA:1494,0
DA:1495,0
DA:1497,0
BRDA:1497,0,0,-
BRDA:1497,0,1,-
DA:1499,0
DA:1501,0
DA:1503,0
BRDA:1503,0,0,-
BRDA:1503,0,1,-
DA:1506,0
DA:1509,0
DA:1510,0
DA:1511,0
BRDA:1511,0,0,-
BRDA:1511,0,1,-
BRDA:1511,0,2,-
BRDA:1511,0,3,-
BRDA:1511,0,4,-
BRDA:1511,0,5,-
DA:1514,0
DA:1518,0
BRDA:1518,0,0,-
BRDA:1518,0,1,-
BRDA:1518,0,2,-
BRDA:1518,0,3,-
DA:1520,0
DA:1521,0
DA:1525,0
DA:1530,0
DA:1531,0
BRDA:1531,0,0,-
BRDA:1531,0,1,-
DA:1533,0
DA:1537,0
BRDA:1537,0,0,-
BRDA:1537,0,1,-
DA:1540,0
DA:1545,0
DA:1546,0
DA:1547,0
DA:1551,0
DA:1552,0
DA:1553,0
BRDA:1553,0,0,-
BRDA:1553,0,1,-
DA:1555,0
DA:1557,0
DA:1559,0
BRDA:1559,0,0,-
BRDA:1559,0,1,-
BRDA:1559,0,2,-
BRDA:1559,0,3,-
BRDA:1559,0,4,-
BRDA:1559,0,5,-
DA:1561,0
BRDA:1561,0,0,-
BRDA:1561,0,1,-
BRDA:1561,0,2,-
BRDA:1561,0,3,-
BRDA:1561,0,4,-
BRDA:1561,0,5,-
DA:1563,0
DA:1566,0
DA:1567,0
DA:1569,0
BRDA:1569,0,0,-
BRDA:1569,0,1,-
DA:1570,0
DA:1573,0
DA:1574,0
DA:1576,0
DA:1578,0
DA:1580,0
DA:1581,0
BRDA:1581,0,0,-
BRDA:1581,0,1,-
DA:1583,0
DA:1586,0
DA:1590,21
DA:1592,21
DA:1593,21
DA:1594,21
DA:1596,21
BRDA:1596,0,0,0
BRDA:1596,0,1,21
DA:1598,0
DA:1601,21
BRDA:1601,0,0,0
BRDA:1601,0,1,21
DA:1603,0
DA:1608,21
DA:1609,21
BRDA:1609,0,0,0
BRDA:1609,0,1,21
DA:1611,0
DA:1614,21
DA:1615,21
DA:1616,21
DA:1618,93
BRDA:1618,0,0,75
BRDA:1618,0,1,18
DA:1620,75
BRDA:1620,0,0,3
BRDA:1620,0,1,72
DA:1622,3
DA:1624,72
DA:1625,72
BRDA:1625,0,0,54
BRDA:1625,0,1,18
DA:1627,54
BRDA:1627,0,0,54
BRDA:1627,0,1,0
DA:1628,54
DA:1629,54
BRDA:1629,0,0,0
BRDA:1629,0,1,54
DA:1631,0
DA:1633,54
DA:1634,54
BRDA:1634,0,0,54
BRDA:1634,0,1,0
DA:1636,54
DA:1638,54
DA:1639,54
DA:1641,72
DA:1644,18
DA:1645,18
BRDA:1645,0,0,1
BRDA:1645,0,1,17
DA:1647,1
DA:1649,17
DA:1650,17
DA:1651,17
DA:1653,17
DA:1657,0
DA:1659,0
DA:1660,0
DA:1662,0
BRDA:1662,0,0,-
BRDA:1662,0,1,-
DA:1664,0
DA:1666,0
DA:1668,0
BRDA:1668,0,0,-
BRDA:1668,0,1,-
BRDA:1668,0,2,-
BRDA:1668,0,3,-
BRDA:1668,0,4,-
BRDA:1668,0,5,-
DA:1670,0
DA:1673,0
DA:1674,0
DA:1675,0
BRDA:1675,0,0,-
BRDA:1675,0,1,-
BRDA:1675,0,2,-
BRDA:1675,0,3,-
BRDA:1675,0,4,-
BRDA:1675,0,5,-
DA:1677,0
DA:1681,0
BRDA:1681,0,0,-
BRDA:1681,0,1,-
BRDA:1681,0,2,-
BRDA:1681,0,3,-
DA:1683,0
DA:1684,0
DA:1688,0
DA:1693,0
DA:1694,0
BRDA:1694,0,0,-
BRDA:1694,0,1,-
DA:1696,0
DA:1700,0
BRDA:1700,0,0,-
BRDA:1700,0,1,-
DA:1703,0
DA:1708,0
DA:1709,0
DA:1710,0
DA:1713,0
BRDA:1713,0,0,-
BRDA:1713,0,1,-
BRDA:1713,0,2,-
BRDA:1713,0,3,-
DA:1715,0
DA:1719,0
DA:1720,0
DA:1721,0
BRDA:1721,0,0,-
BRDA:1721,0,1,-
DA:1723,0
DA:1725,0
DA:1728,0
DA:1729,0
DA:1731,0
BRDA:1731,0,0,-
BRDA:1731,0,1,-
BRDA:1731,0,2,-
BRDA:1731,0,3,-
BRDA:1731,0,4,-
BRDA:1731,0,5,-
DA:1733,0
DA:1737,0
DA:1738,0
DA:1739,0
BRDA:1739,0,0,-
BRDA:1739,0,1,-
DA:1741,0
DA:1743,0
DA:1745,0
BRDA:1745,0,0,-
BRDA:1745,0,1,-
BRDA:1745,0,2,-
BRDA:1745,0,3,-
BRDA:1745,0,4,-
BRDA:1745,0,5,-
DA:1747,0
BRDA:1747,0,0,-
BRDA:1747,0,1,-
BRDA:1747,0,2,-
BRDA:1747,0,3,-
BRDA:1747,0,4,-
BRDA:1747,0,5,-
DA:1749,0
DA:1752,0
DA:1753,0
DA:1755,0
BRDA:1755,0,0,-
BRDA:1755,0,1,-
DA:1756,0
DA:1759,0
DA:1760,0
DA:1762,0
DA:1763,0
DA:1765,0
DA:1766,0
BRDA:1766,0,0,-
BRDA:1766,0,1,-
DA:1768,0
DA:1771,0
DA:1775,24
DA:1777,24
DA:1778,24
DA:1779,24
DA:1781,24
BRDA:1781,0,0,0
BRDA:1781,0,1,24
DA:1783,0
DA:1786,24
BRDA:1786,0,0,0
BRDA:1786,0,1,24
DA:1788,0
DA:1792,24
BRDA:1792,0,0,24
BRDA:1792,0,1,0
DA:1793,24
DA:1794,24
BRDA:1794,0,0,0
BRDA:1794,0,1,24
DA:1796,0
DA:1799,24
DA:1800,24
DA:1801,24
BRDA:1801,0,0,24
BRDA:1801,0,1,0
DA:1803,24
DA:1805,24
DA:1807,120
BRDA:1807,0,0,99
BRDA:1807,0,1,21
DA:1809,99
BRDA:1809,0,0,99
BRDA:1809,0,1,0
DA:1812,99
DA:1813,99
BRDA:1813,0,0,0
BRDA:1813,0,1,99
DA:1815,0
DA:1817,294
BRDA:1817,0,0,195
BRDA:1817,0,1,99
DA:1819,195
DA:1821,99
DA:1825,99
BRDA:1825,0,0,0
BRDA:1825,0,1,99
DA:1827,0
DA:1829,99
DA:1831,99
BRDA:1831,0,0,99
BRDA:1831,0,1,0
DA:1832,99
DA:1833,99
BRDA:1833,0,0,0
BRDA:1833,0,1,99
DA:1835,0
DA:1837,99
DA:1838,99
BRDA:1838,0,0,99
BRDA:1838,0,1,0
DA:1840,99
DA:1842,99
DA:1845,99
BRDA:1845,0,0,0
BRDA:1845,0,1,99
DA:1847,0
DA:1849,99
DA:1852,99
BRDA:1852,0,0,99
BRDA:1852,0,1,0
BRDA:1852,0,2,75
BRDA:1852,0,3,24
DA:1853,99
DA:1854,99
BRDA:1854,0,0,3
BRDA:1854,0,1,96
DA:1856,3
DA:1858,96
BRDA:1858,0,0,75
BRDA:1858,0,1,21
DA:1860,75
DA:1863,96
BRDA:1863,0,0,96
BRDA:1863,0,1,0
DA:1865,96
DA:1867,96
DA:1868,96
DA:1870,96
DA:1873,21
BRDA:1873,0,0,21
BRDA:1873,0,1,0
DA:1874,21
BRDA:1874,0,0,1
BRDA:1874,0,1,20
DA:1876,1
DA:1878,20
BRDA:1878,0,0,20
BRDA:1878,0,1,0
DA:1881,37
BRDA:1881,0,0,17
BRDA:1881,0,1,20
DA:1883,17
DA:1886,20
DA:1887,20
DA:1888,20
DA:1890,20
DA:1894,0
DA:1896,0
DA:1897,0
DA:1899,0
BRDA:1899,0,0,-
BRDA:1899,0,1,-
DA:1901,0
DA:1904,0
DA:1906,0
BRDA:1906,0,0,-
BRDA:1906,0,1,-
DA:1908,0
DA:1909,0
DA:1914,0
DA:1917,0
DA:1919,0
DA:1921,0
BRDA:1921,0,0,-
BRDA:1921,0,1,-
DA:1923,0
DA:1926,0
DA:1927,0
BRDA:1927,0,0,-
BRDA:1927,0,1,-
BRDA:1927,0,2,-
BRDA:1927,0,3,-
DA:1929,0
DA:1930,0
DA:1933,0
DA:1936,0
DA:1938,0
BRDA:1938,0,0,-
BRDA:1938,0,1,-
DA:1940,0
DA:1943,0
DA:1946,0
DA:1948,0
DA:1950,0
BRDA:1950,0,0,-
BRDA:1950,0,1,-
BRDA:1950,0,2,-
BRDA:1950,0,3,-
DA:1952,0
DA:1955,0
DA:1956,0
BRDA:1956,0,0,-
BRDA:1956,0,1,-
DA:1958,0
BRDA:1958,0,0,-
BRDA:1958,0,1,-
BRDA:1958,0,2,-
BRDA:1958,0,3,-
BRDA:1958,0,4,-
BRDA:1958,0,5,-
DA:1960,0
DA:1965,0
BRDA:1965,0,0,-
BRDA:1965,0,1,-
BRDA:1965,0,2,-
BRDA:1965,0,3,-
DA:1967,0
DA:1971,0
BRDA:1971,0,0,-
BRDA:1971,0,1,-
BRDA:1971,0,2,-
BRDA:1971,0,3,-
DA:1972,0
DA:1975,0
DA:1978,0
DA:1980,0
DA:1983,0
DA:1985,0
DA:1988,0
DA:1990,0
DA:1994,43
DA:1996,43
DA:1997,43
DA:1998,43
DA:2001,0
DA:2003,0
DA:2004,0
BRDA:2004,0,0,-
BRDA:2004,0,1,-
DA:2006,0
DA:2009,0
DA:2010,0
BRDA:2010,0,0,-
BRDA:2010,0,1,-
DA:2012,0
DA:2015,0
DA:2016,0
DA:2017,0
DA:2018,0
DA:2019,0
DA:2022,38
DA:2024,38
DA:2026,38
BRDA:2026,0,0,38
BRDA:2026,0,1,0
BRDA:2026,0,2,38
BRDA:2026,0,3,0
BRDA:2026,0,4,0
BRDA:2026,0,5,38
DA:2028,0
DA:2031,38
DA:2035,38
BRDA:2035,0,0,10
BRDA:2035,0,1,28
DA:2038,10
DA:2039,10
DA:2040,10
DA:2045,28
BRDA:2045,0,0,28
BRDA:2045,0,1,0
DA:2047,28
DA:2048,28
DA:2052,38
DA:2056,5
DA:2058,5
DA:2068,0
DA:2070,0
DA:2077,33
DA:2079,33
DA:2080,33
DA:2082,33
BRDA:2082,0,0,33
BRDA:2082,0,1,0
BRDA:2082,0,2,33
BRDA:2082,0,3,0
BRDA:2082,0,4,33
BRDA:2082,0,5,0
BRDA:2082,0,6,0
BRDA:2082,0,7,33
DA:2084,0
DA:2087,33
BRDA:2087,0,0,0
BRDA:2087,0,1,33
DA:2089,0
DA:2090,0
DA:2094,33
DA:2095,33
BRDA:2095,0,0,0
BRDA:2095,0,1,33
DA:2097,0
DA:2100,33
DA:2103,33
BRDA:2103,0,0,33
BRDA:2103,0,1,0
BRDA:2103,0,2,0
BRDA:2103,0,3,33
DA:2105,0
DA:2108,33
DA:2109,33
DA:2111,33
DA:2114,5
DA:2116,5
DA:2120,0
DA:2122,0
DA:2125,0
DA:2127,0
BRDA:2127,0,0,-
BRDA:2127,0,1,-
DA:2129,0
DA:2132,0
DA:2135,0
DA:2137,0
BRDA:2137,0,0,-
BRDA:2137,0,1,-
BRDA:2137,0,2,-
BRDA:2137,0,3,-
DA:2139,0
DA:2142,0
DA:2145,0
DA:2147,0
DA:2148,0
BRDA:2148,0,0,-
BRDA:2148,0,1,-
DA:2150,0
DA:2153,0
DA:2154,0
DA:2157,0
DA:2159,0
DA:2160,0
BRDA:2160,0,0,-
BRDA:2160,0,1,-
DA:2162,0
DA:2165,0
DA:2166,0
DA:2169,1
DA:2171,1
DA:2172,1
BRDA:2172,0,0,1
BRDA:2172,0,1,0
DA:2174,1
DA:2177,0
DA:2178,0
DA:2181,0
DA:2183,0
DA:2184,0
BRDA:2184,0,0,-
BRDA:2184,0,1,-
DA:2186,0
DA:2189,0
DA:2190,0
DA:2193,11
DA:2195,11
DA:2196,11
BRDA:2196,0,0,11
BRDA:2196,0,1,0
DA:2198,11
DA:2201,0
DA:2202,0
DA:2205,16
DA:2207,16
DA:2208,16
BRDA:2208,0,0,16
BRDA:2208,0,1,0
DA:2210,16
DA:2213,0
DA:2214,0
DA:2217,0
DA:2219,0
DA:2220,0
BRDA:2220,0,0,-
BRDA:2220,0,1,-
DA:2222,0
DA:2225,0
DA:2226,0
DA:2229,0
DA:2231,0
DA:2232,0
BRDA:2232,0,0,-
BRDA:2232,0,1,-
DA:2234,0
DA:2237,0
DA:2238,0
DA:2241,0
DA:2243,0
DA:2244,0
BRDA:2244,0,0,-
BRDA:2244,0,1,-
DA:2246,0
DA:2249,0
DA:2250,0
DA:2253,0
DA:2255,0
BRDA:2255,0,0,-
BRDA:2255,0,1,-
BRDA:2255,0,2,-
BRDA:2255,0,3,-
BRDA:2255,0,4,-
BRDA:2255,0,5,-
BRDA:2255,0,6,-
BRDA:2255,0,7,-
DA:2257,0
DA:2260,0
BRDA:2260,0,0,-
BRDA:2260,0,1,-
DA:2263,0
DA:2265,0
BRDA:2265,0,0,-
BRDA:2265,0,1,-
DA:2268,0
DA:2271,0
BRDA:2271,0,0,-
BRDA:2271,0,1,-
DA:2274,0
DA:2276,0
BRDA:2276,0,0,-
BRDA:2276,0,1,-
DA:2279,0
DA:2283,0
DA:2284,0
DA:2286,0
DA:2289,0
DA:2291,0
BRDA:2291,0,0,-
BRDA:2291,0,1,-
DA:2293,0
DA:2296,0
DA:2299,0
DA:2301,0
DA:2302,0
DA:2304,0
DA:2306,0
DA:2308,0
DA:2311,0
DA:2313,0
DA:2315,0
DA:2318,0
DA:2320,0
DA:2321,0
DA:2323,0
DA:2325,0
DA:2326,0
DA:2329,0
DA:2331,0
DA:2333,0
BRDA:2333,0,0,-
BRDA:2333,0,1,-
BRDA:2333,0,2,-
BRDA:2333,0,3,-
DA:2335,0
DA:2338,0
DA:2339,0
BRDA:2339,0,0,-
BRDA:2339,0,1,-
DA:2341,0
DA:2344,0
BRDA:2344,0,0,-
BRDA:2344,0,1,-
BRDA:2344,0,2,-
BRDA:2344,0,3,-
DA:2346,0
DA:2349,0
DA:2350,0
DA:2351,0
DA:2352,0
BRDA:2352,0,0,-
BRDA:2352,0,1,-
DA:2354,0
DA:2358,0
DA:2360,0
DA:2363,0
DA:2365,0
BRDA:2365,0,0,-
BRDA:2365,0,1,-
BRDA:2365,0,2,-
BRDA:2365,0,3,-
BRDA:2365,0,4,-
BRDA:2365,0,5,-
BRDA:2365,0,6,-
BRDA:2365,0,7,-
DA:2367,0
DA:2370,0
BRDA:2370,0,0,-
BRDA:2370,0,1,-
DA:2372,0
DA:2375,0
DA:2376,0
DA:2378,0
BRDA:2378,0,0,-
BRDA:2378,0,1,-
DA:2380,0
DA:2382,0
BRDA:2382,0,0,-
BRDA:2382,0,1,-
DA:2384,0
BRDA:2384,0,0,-
BRDA:2384,0,1,-
DA:2386,0
DA:2388,0
DA:2395,0
BRDA:2395,0,0,-
BRDA:2395,0,1,-
DA:2397,0
DA:2399,0
BRDA:2399,0,0,-
BRDA:2399,0,1,-
DA:2401,0
DA:2405,0
DA:2406,0
DA:2407,0
DA:2409,0
DA:2412,0
DA:2414,0
BRDA:2414,0,0,-
BRDA:2414,0,1,-
DA:2416,0
DA:2419,0
DA:2422,0
DA:2424,0
BRDA:2424,0,0,-
BRDA:2424,0,1,-
BRDA:2424,0,2,-
BRDA:2424,0,3,-
DA:2426,0
DA:2430,0
BRDA:2430,0,0,-
BRDA:2430,0,1,-
BRDA:2430,0,2,-
BRDA:2430,0,3,-
DA:2432,0
DA:2434,0
DA:2435,0
BRDA:2435,0,0,-
BRDA:2435,0,1,-
DA:2437,0
DA:2440,0
DA:2442,0
DA:2445,0
DA:2447,0
DA:2450,0
DA:2452,0
DA:2456,0
DA:2458,0
DA:2459,0
BRDA:2459,0,0,-
BRDA:2459,0,1,-
DA:2461,0
DA:2464,0
DA:2467,0
DA:2469,0
DA:2470,0
BRDA:2470,0,0,-
BRDA:2470,0,1,-
DA:2472,0
DA:2475,0
DA:2478,1
DA:2480,1
DA:2481,1
BRDA:2481,0,0,1
BRDA:2481,0,1,0
DA:2483,1
DA:2486,1
DA:2489,0
DA:2491,0
DA:2492,0
BRDA:2492,0,0,-
BRDA:2492,0,1,-
DA:2494,0
BRDA:2494,0,0,-
BRDA:2494,0,1,-
DA:2497,0
DA:2500,24
DA:2502,24
DA:2503,24
BRDA:2503,0,0,24
BRDA:2503,0,1,0
DA:2505,24
DA:2506,24
DA:2509,24
BRDA:2509,0,0,1
BRDA:2509,0,1,23
DA:2511,1
DA:2513,23
BRDA:2513,0,0,0
BRDA:2513,0,1,23
DA:2515,0
DA:2519,23
DA:2523,24
DA:2526,24
DA:2528,24
DA:2529,24
BRDA:2529,0,0,24
BRDA:2529,0,1,0
DA:2531,24
DA:2532,24
DA:2533,24
BRDA:2533,0,0,0
BRDA:2533,0,1,24
DA:2535,0
DA:2536,0
DA:2540,24
DA:2543,0
DA:2545,0
DA:2546,0
BRDA:2546,0,0,-
BRDA:2546,0,1,-
DA:2548,0
DA:2549,0
DA:2552,0
DA:2555,0
DA:2557,0
DA:2558,0
BRDA:2558,0,0,-
BRDA:2558,0,1,-
DA:2559,0
DA:2560,0
DA:2563,0
DA:2566,0
DA:2567,0
DA:2568,0
BRDA:2568,0,0,-
BRDA:2568,0,1,-
DA:2569,0
DA:2570,0
DA:2573,0
DA:2576,0
DA:2578,0
DA:2579,0
BRDA:2579,0,0,-
BRDA:2579,0,1,-
DA:2581,0
DA:2582,0
DA:2583,0
BRDA:2583,0,0,-
BRDA:2583,0,1,-
DA:2585,0
DA:2586,0
DA:2590,0
DA:2593,7
DA:2595,7
DA:2596,7
BRDA:2596,0,0,7
BRDA:2596,0,1,0
DA:2598,7
DA:2601,7
DA:2604,8
DA:2606,8
DA:2607,8
BRDA:2607,0,0,8
BRDA:2607,0,1,0
DA:2609,8
DA:2612,8
DA:2616,4
DA:2618,4
DA:2619,4
DA:2620,4
DA:2621,4
DA:2623,4
BRDA:2623,0,0,4
BRDA:2623,0,1,0
BRDA:2623,0,2,0
BRDA:2623,0,3,4
DA:2625,0
DA:2628,4
DA:2630,17
BRDA:2630,0,0,17
BRDA:2630,0,1,0
BRDA:2630,0,2,13
BRDA:2630,0,3,4
DA:2632,13
DA:2633,13
BRDA:2633,0,0,0
BRDA:2633,0,1,13
DA:2635,0
DA:2636,0
DA:2638,13
BRDA:2638,0,0,4
BRDA:2638,0,1,9
DA:2640,4
DA:2644,9
DA:2646,13
DA:2649,4
BRDA:2649,0,0,4
BRDA:2649,0,1,0
BRDA:2649,0,2,4
BRDA:2649,0,3,0
DA:2650,4
DA:2653,4
DA:2656,0
DA:2658,0
DA:2659,0
DA:2660,0
DA:2661,0
DA:2663,0
BRDA:2663,0,0,-
BRDA:2663,0,1,-
BRDA:2663,0,2,-
BRDA:2663,0,3,-
DA:2665,0
DA:2668,0
DA:2670,0
BRDA:2670,0,0,-
BRDA:2670,0,1,-
BRDA:2670,0,2,-
BRDA:2670,0,3,-
DA:2672,0
DA:2673,0
BRDA:2673,0,0,-
BRDA:2673,0,1,-
DA:2675,0
DA:2676,0
DA:2678,0
BRDA:2678,0,0,-
BRDA:2678,0,1,-
DA:2680,0
DA:2684,0
DA:2686,0
DA:2689,0
BRDA:2689,0,0,-
BRDA:2689,0,1,-
BRDA:2689,0,2,-
BRDA:2689,0,3,-
DA:2690,0
DA:2693,0
DA:2696,0
DA:2698,0
DA:2699,0
DA:2700,0
DA:2701,0
DA:2703,0
BRDA:2703,0,0,-
BRDA:2703,0,1,-
BRDA:2703,0,2,-
BRDA:2703,0,3,-
DA:2705,0
DA:2708,0
DA:2710,0
BRDA:2710,0,0,-
BRDA:2710,0,1,-
BRDA:2710,0,2,-
BRDA:2710,0,3,-
DA:2712,0
DA:2713,0
BRDA:2713,0,0,-
BRDA:2713,0,1,-
DA:2715,0
DA:2716,0
DA:2718,0
BRDA:2718,0,0,-
BRDA:2718,0,1,-
DA:2720,0
DA:2724,0
DA:2726,0
DA:2729,0
BRDA:2729,0,0,-
BRDA:2729,0,1,-
BRDA:2729,0,2,-
BRDA:2729,0,3,-
DA:2730,0
DA:2733,0
DA:2736,1
DA:2738,1
DA:2739,1
DA:2740,1
DA:2741,1
DA:2743,1
BRDA:2743,0,0,1
BRDA:2743,0,1,0
BRDA:2743,0,2,0
BRDA:2743,0,3,1
DA:2745,0
DA:2748,1
DA:2750,8
BRDA:2750,0,0,8
BRDA:2750,0,1,0
BRDA:2750,0,2,7
BRDA:2750,0,3,1
DA:2752,7
DA:2753,7
BRDA:2753,0,0,0
BRDA:2753,0,1,7
DA:2755,0
DA:2756,0
DA:2758,7
BRDA:2758,0,0,1
BRDA:2758,0,1,6
DA:2760,1
DA:2764,6
DA:2766,7
DA:2769,1
BRDA:2769,0,0,1
BRDA:2769,0,1,0
BRDA:2769,0,2,1
BRDA:2769,0,3,0
DA:2770,1
DA:2773,1
DA:2779,0
DA:2781,0
DA:2784,0
DA:2786,0
DA:2787,0
DA:2788,0
DA:2789,0
DA:2792,0
BRDA:2792,0,0,-
BRDA:2792,0,1,-
DA:2794,0
DA:2797,0
DA:2798,0
BRDA:2798,0,0,-
BRDA:2798,0,1,-
DA:2800,0
DA:2803,0
DA:2804,0
DA:2805,0
DA:2806,0
BRDA:2806,0,0,-
BRDA:2806,0,1,-
DA:2808,0
DA:2809,0
BRDA:2809,0,0,-
BRDA:2809,0,1,-
DA:2811,0
DA:2814,0
BRDA:2814,0,0,-
BRDA:2814,0,1,-
DA:2816,0
BRDA:2816,0,0,-
BRDA:2816,0,1,-
DA:2817,0
BRDA:2817,0,0,-
BRDA:2817,0,1,-
DA:2819,0
DA:2823,0
BRDA:2823,0,0,-
BRDA:2823,0,1,-
DA:2825,0
DA:2828,0
DA:2829,0
BRDA:2829,0,0,-
BRDA:2829,0,1,-
DA:2831,0
BRDA:2831,0,0,-
BRDA:2831,0,1,-
DA:2832,0
DA:2834,0
DA:2835,0
BRDA:2835,0,0,-
BRDA:2835,0,1,-
DA:2837,0
DA:2839,0
BRDA:2839,0,0,-
BRDA:2839,0,1,-
DA:2842,0
DA:2843,0
DA:2844,0
DA:2849,0
DA:2850,0
DA:2852,0
DA:2854,0
BRDA:2854,0,0,-
BRDA:2854,0,1,-
BRDA:2854,0,2,-
BRDA:2854,0,3,-
DA:2856,0
DA:2859,0
DA:2861,0
DA:2862,0
BRDA:2862,0,0,-
BRDA:2862,0,1,-
DA:2864,0
DA:2867,0
DA:2870,0
DA:2872,0
DA:2874,0
BRDA:2874,0,0,-
BRDA:2874,0,1,-
DA:2876,0
BRDA:2876,0,0,-
BRDA:2876,0,1,-
DA:2877,0
DA:2878,0
DA:2883,0
DA:2885,0
DA:2887,0
BRDA:2887,0,0,-
BRDA:2887,0,1,-
DA:2889,0
BRDA:2889,0,0,-
BRDA:2889,0,1,-
BRDA:2889,0,2,-
BRDA:2889,0,3,-
DA:2891,0
DA:2892,0
DA:2897,0
DA:2898,0
DA:2899,0
DA:2900,0
DA:2903,0
BRDA:2903,0,0,-
BRDA:2903,0,1,-
DA:2904,0
DA:2906,0
BRDA:2906,0,0,-
BRDA:2906,0,1,-
DA:2907,0
DA:2908,0
DA:2909,0
DA:2910,0
DA:2911,0
BRDA:2911,0,0,-
BRDA:2911,0,1,-
BRDA:2911,0,2,-
BRDA:2911,0,3,-
DA:2912,0
DA:2913,0
DA:2914,0
DA:2919,0
DA:2921,0
DA:2923,0
BRDA:2923,0,0,-
BRDA:2923,0,1,-
DA:2925,0
DA:2928,0
BRDA:2928,0,0,-
BRDA:2928,0,1,-
DA:2930,0
BRDA:2930,0,0,-
BRDA:2930,0,1,-
BRDA:2930,0,2,-
BRDA:2930,0,3,-
DA:2932,0
DA:2936,0
DA:2937,0
DA:2939,0
DA:2940,0
BRDA:2940,0,0,-
BRDA:2940,0,1,-
DA:2942,0
DA:2944,0
BRDA:2944,0,0,-
BRDA:2944,0,1,-
DA:2946,0
DA:2948,0
DA:2950,0
DA:2952,0
DA:2953,0
DA:2954,0
DA:2956,0
DA:2957,0
DA:2958,0
DA:2959,0
DA:2964,0
DA:2967,0
DA:2969,0
BRDA:2969,0,0,-
BRDA:2969,0,1,-
DA:2971,0
DA:2974,0
DA:2977,0
DA:2979,0
BRDA:2979,0,0,-
BRDA:2979,0,1,-
DA:2981,0
DA:2984,0
DA:2987,0
DA:2989,0
BRDA:2989,0,0,-
BRDA:2989,0,1,-
DA:2991,0
DA:2994,0
DA:2998,0
DA:3000,0
BRDA:3000,0,0,-
BRDA:3000,0,1,-
DA:3002,0
DA:3005,0
DA:3007,0
DA:3009,0
BRDA:3009,0,0,-
BRDA:3009,0,1,-
DA:3011,0
DA:3014,0
DA:3017,0
DA:3019,0
BRDA:3019,0,0,-
BRDA:3019,0,1,-
DA:3021,0
DA:3024,0
DA:3027,0
DA:3029,0
BRDA:3029,0,0,-
BRDA:3029,0,1,-
DA:3031,0
DA:3034,0
DA:3037,0
DA:3039,0
BRDA:3039,0,0,-
BRDA:3039,0,1,-
DA:3041,0
DA:3044,0
DA:3047,0
DA:3049,0
BRDA:3049,0,0,-
BRDA:3049,0,1,-
DA:3051,0
DA:3054,0
DA:3057,0
DA:3059,0
BRDA:3059,0,0,-
BRDA:3059,0,1,-
DA:3061,0
DA:3064,0
DA:3067,0
DA:3069,0
BRDA:3069,0,0,-
BRDA:3069,0,1,-
BRDA:3069,0,2,-
BRDA:3069,0,3,-
BRDA:3069,0,4,-
BRDA:3069,0,5,-
DA:3071,0
DA:3075,0
BRDA:3075,0,0,-
BRDA:3075,0,1,-
DA:3077,0
DA:3085,0
DA:3087,0
DA:3088,0
DA:3092,0
BRDA:3092,0,0,-
BRDA:3092,0,1,-
DA:3094,0
DA:3097,0
BRDA:3097,0,0,-
BRDA:3097,0,1,-
BRDA:3097,0,2,-
BRDA:3097,0,3,-
BRDA:3097,0,4,-
BRDA:3097,0,5,-
DA:3100,0
DA:3103,0
DA:3105,0
DA:3106,0
BRDA:3106,0,0,-
BRDA:3106,0,1,-
DA:3108,0
DA:3110,0
DA:3112,0
DA:3114,0
BRDA:3114,0,0,-
BRDA:3114,0,1,-
BRDA:3114,0,2,-
BRDA:3114,0,3,-
DA:3116,0
DA:3118,0
BRDA:3118,0,0,-
BRDA:3118,0,1,-
DA:3120,0
DA:3123,0
DA:3125,0
DA:3127,0
DA:3128,0
DA:3130,0
BRDA:3130,0,0,-
BRDA:3130,0,1,-
BRDA:3130,0,2,-
BRDA:3130,0,3,-
DA:3132,0
BRDA:3132,0,0,-
BRDA:3132,0,1,-
DA:3134,0
DA:3137,0
DA:3138,0
DA:3142,0
BRDA:3142,0,0,-
BRDA:3142,0,1,-
DA:3143,0
DA:3146,0
DA:3149,0
DA:3151,0
DA:3152,0
DA:3153,0
BRDA:3153,0,0,-
BRDA:3153,0,1,-
BRDA:3153,0,2,-
BRDA:3153,0,3,-
DA:3156,0
DA:3157,0
BRDA:3157,0,0,-
BRDA:3157,0,1,-
DA:3159,0
DA:3162,0
BRDA:3162,0,0,-
BRDA:3162,0,1,-
DA:3164,0
DA:3170,0
BRDA:3170,0,0,-
BRDA:3170,0,1,-
BRDA:3170,0,2,-
BRDA:3170,0,3,-
DA:3172,0
DA:3173,0
BRDA:3173,0,0,-
BRDA:3173,0,1,-
DA:3175,0
DA:3178,0
BRDA:3178,0,0,-
BRDA:3178,0,1,-
DA:3180,0
DA:3184,0
DA:3187,0
DA:3188,0
DA:3192,0
DA:3194,0
DA:3197,0
DA:3199,0
DA:3200,0
DA:3201,0
BRF:942
BRH:166
LF:1409
LH:368
end_of_record
SF:/d/Projects/sample repo/c/cJSON/C:/msys64/mingw64/include/stdlib.h
FN:373,strtod
FNDA:0,strtod
FNF:1
FNH:0
DA:373,0
DA:376,0
LF:2
LH:0
end_of_record
TN:
SF:/d/Projects/sample repo/c/cJSON/D:/Projects/sample repo/c/cJSON/test.c
FN:43,print_preallocated
FNDA:6,print_preallocated
FN:109,create_objects
FNDA:1,create_objects
FN:259,main
FNDA:1,main
FNF:3
FNH:3
DA:43,6
DA:46,6
DA:47,6
DA:48,6
DA:49,6
DA:50,6
DA:53,6
DA:57,6
DA:58,6
DA:59,6
BRDA:59,0,0,0
BRDA:59,0,1,6
DA:61,0
DA:62,0
DA:66,6
DA:67,6
DA:68,6
BRDA:68,0,0,0
BRDA:68,0,1,6
DA:70,0
DA:71,0
DA:75,6
BRDA:75,0,0,0
BRDA:75,0,1,6
DA:76,0
DA:77,0
BRDA:77,0,0,-
BRDA:77,0,1,-
DA:78,0
DA:79,0
DA:80,0
DA:82,0
DA:83,0
DA:84,0
DA:85,0
DA:89,6
DA:92,6
BRDA:92,0,0,0
BRDA:92,0,1,6
DA:93,0
DA:94,0
DA:95,0
DA:96,0
DA:97,0
DA:98,0
DA:99,0
DA:102,6
DA:103,6
DA:104,6
DA:105,6
DA:109,1
DA:112,1
DA:113,1
DA:114,1
DA:115,1
DA:116,1
DA:117,1
DA:120,1
DA:131,1
DA:138,1
DA:140,1
DA:163,1
DA:168,1
DA:169,1
DA:170,1
DA:171,1
DA:172,1
DA:173,1
DA:174,1
DA:175,1
DA:178,1
BRDA:178,0,0,0
BRDA:178,0,1,1
DA:179,0
DA:180,0
DA:182,1
DA:185,1
DA:187,1
BRDA:187,0,0,0
BRDA:187,0,1,1
DA:188,0
DA:189,0
DA:191,1
DA:194,1
DA:195,4
BRDA:195,0,0,3
BRDA:195,0,1,1
DA:197,3
DA:202,1
BRDA:202,0,0,0
BRDA:202,0,1,1
DA:203,0
DA:204,0
DA:206,1
DA:209,1
DA:210,1
DA:211,1
DA:212,1
DA:213,1
DA:214,1
DA:215,1
DA:216,1
DA:217,1
DA:218,1
DA:220,1
BRDA:220,0,0,0
BRDA:220,0,1,1
DA:221,0
DA:222,0
DA:224,1
DA:227,1
DA:228,3
BRDA:228,0,0,2
BRDA:228,0,1,1
DA:230,2
DA:231,2
DA:232,2
DA:233,2
DA:234,2
DA:235,2
DA:236,2
DA:237,2
DA:238,2
DA:243,1
BRDA:243,0,0,0
BRDA:243,0,1,1
DA:244,0
DA:245,0
DA:247,1
DA:249,1
DA:250,1
DA:252,1
BRDA:252,0,0,0
BRDA:252,0,1,1
DA:253,0
DA:254,0
DA:256,1
DA:257,1
DA:259,1
DA:262,1
DA:265,1
DA:267,1
BRF:26
BRH:14
LF:116
LH:84
end_of_record
TN:
SF:/d/Projects/sample repo/c/cJSON/D:/Projects/sample repo/c/cJSON/tests/cjson_add.c
FN:31,failing_malloc
FNDA:13,failing_malloc
FN:38,normal_free
FNDA:0,normal_free
FN:48,cjson_add_null_should_add_null
FNDA:1,cjson_add_null_should_add_null
FN:61,cjson_add_null_should_fail_with_null_pointers
FNDA:1,cjson_add_null_should_fail_with_null_pointers
FN:71,cjson_add_null_should_fail_on_allocation_failure
FNDA:1,cjson_add_null_should_fail_on_allocation_failure
FN:84,cjson_add_true_should_add_true
FNDA:1,cjson_add_true_should_add_true
FN:97,cjson_add_true_should_fail_with_null_pointers
FNDA:1,cjson_add_true_should_fail_with_null_pointers
FN:107,cjson_add_true_should_fail_on_allocation_failure
FNDA:1,cjson_add_true_should_fail_on_allocation_failure
FN:120,cjson_create_int_array_should_fail_on_allocation_failure
FNDA:1,cjson_create_int_array_should_fail_on_allocation_failure
FN:131,cjson_create_float_array_should_fail_on_allocation_failure
FNDA:1,cjson_create_float_array_should_fail_on_allocation_failure
FN:142,cjson_create_double_array_should_fail_on_allocation_failure
FNDA:1,cjson_create_double_array_should_fail_on_allocation_failure
FN:153,cjson_create_string_array_should_fail_on_allocation_failure
FNDA:1,cjson_create_string_array_should_fail_on_allocation_failure
FN:164,cjson_add_false_should_add_false
FNDA:1,cjson_add_false_should_add_false
FN:177,cjson_add_false_should_fail_with_null_pointers
FNDA:1,cjson_add_false_should_fail_with_null_pointers
FN:187,cjson_add_false_should_fail_on_allocation_failure
FNDA:1,cjson_add_false_should_fail_on_allocation_failure
FN:200,cjson_add_bool_should_add_bool
FNDA:1,cjson_add_bool_should_add_bool
FN:219,cjson_add_bool_should_fail_with_null_pointers
FNDA:1,cjson_add_bool_should_fail_with_null_pointers
FN:229,cjson_add_bool_should_fail_on_allocation_failure
FNDA:1,cjson_add_bool_should_fail_on_allocation_failure
FN:242,cjson_add_number_should_add_number
FNDA:1,cjson_add_number_should_add_number
FN:258,cjson_add_number_should_fail_with_null_pointers
FNDA:1,cjson_add_number_should_fail_with_null_pointers
FN:268,cjson_add_number_should_fail_on_allocation_failure
FNDA:1,cjson_add_number_should_fail_on_allocation_failure
FN:281,cjson_add_string_should_add_string
FNDA:1,cjson_add_string_should_add_string
FN:295,cjson_add_string_should_fail_with_null_pointers
FNDA:1,cjson_add_string_should_fail_with_null_pointers
FN:305,cjson_add_string_should_fail_on_allocation_failure
FNDA:1,cjson_add_string_should_fail_on_allocation_failure
FN:318,cjson_add_raw_should_add_raw
FNDA:1,cjson_add_raw_should_add_raw
FN:332,cjson_add_raw_should_fail_with_null_pointers
FNDA:1,cjson_add_raw_should_fail_with_null_pointers
FN:342,cjson_add_raw_should_fail_on_allocation_failure
FNDA:1,cjson_add_raw_should_fail_on_allocation_failure
FN:355,cJSON_add_object_should_add_object
FNDA:1,cJSON_add_object_should_add_object
FN:367,cjson_add_object_should_fail_with_null_pointers
FNDA:1,cjson_add_object_should_fail_with_null_pointers
FN:377,cjson_add_object_should_fail_on_allocation_failure
FNDA:1,cjson_add_object_should_fail_on_allocation_failure
FN:390,cJSON_add_array_should_add_array
FNDA:1,cJSON_add_array_should_add_array
FN:402,cjson_add_array_should_fail_with_null_pointers
FNDA:1,cjson_add_array_should_fail_with_null_pointers
FN:412,cjson_add_array_should_fail_on_allocation_failure
FNDA:1,cjson_add_array_should_fail_on_allocation_failure
FN:425,main
FNDA:1,main
FNF:34
FNH:33
DA:31,13
DA:34,13
DA:38,0
DA:40,0
DA:41,0
DA:48,1
DA:50,1
DA:51,1
DA:53,1
DA:55,1
BRDA:55,0,0,0
BRDA:55,0,1,1
DA:56,1
DA:58,1
DA:59,1
DA:61,1
DA:63,1
DA:65,1
BRDA:65,0,0,0
BRDA:65,0,1,1
DA:66,1
BRDA:66,0,0,0
BRDA:66,0,1,1
DA:68,1
DA:69,1
DA:71,1
DA:73,1
DA:75,1
DA:77,1
BRDA:77,0,0,0
BRDA:77,0,1,1
DA:79,1
DA:81,1
DA:82,1
DA:84,1
DA:86,1
DA:87,1
DA:89,1
DA:91,1
BRDA:91,0,0,0
BRDA:91,0,1,1
DA:92,1
DA:94,1
DA:95,1
DA:97,1
DA:99,1
DA:101,1
BRDA:101,0,0,0
BRDA:101,0,1,1
DA:102,1
BRDA:102,0,0,0
BRDA:102,0,1,1
DA:104,1
DA:105,1
DA:107,1
DA:109,1
DA:111,1
DA:113,1
BRDA:113,0,0,0
BRDA:113,0,1,1
DA:115,1
DA:117,1
DA:118,1
DA:120,1
DA:122,1
DA:124,1
DA:126,1
BRDA:126,0,0,0
BRDA:126,0,1,1
DA:128,1
DA:129,1
DA:131,1
DA:133,1
DA:135,1
DA:137,1
BRDA:137,0,0,0
BRDA:137,0,1,1
DA:139,1
DA:140,1
DA:142,1
DA:144,1
DA:146,1
DA:148,1
BRDA:148,0,0,0
BRDA:148,0,1,1
DA:150,1
DA:151,1
DA:153,1
DA:155,1
DA:157,1
DA:159,1
BRDA:159,0,0,0
BRDA:159,0,1,1
DA:161,1
DA:162,1
DA:164,1
DA:166,1
DA:167,1
DA:169,1
DA:171,1
BRDA:171,0,0,0
BRDA:171,0,1,1
DA:172,1
DA:174,1
DA:175,1
DA:177,1
DA:179,1
DA:181,1
BRDA:181,0,0,0
BRDA:181,0,1,1
DA:182,1
BRDA:182,0,0,0
BRDA:182,0,1,1
DA:184,1
DA:185,1
DA:187,1
DA:189,1
DA:191,1
DA:193,1
BRDA:193,0,0,0
BRDA:193,0,1,1
DA:195,1
DA:197,1
DA:198,1
DA:200,1
DA:202,1
DA:203,1
DA:204,1
DA:207,1
DA:208,1
BRDA:208,0,0,0
BRDA:208,0,1,1
DA:209,1
DA:212,1
DA:213,1
BRDA:213,0,0,0
BRDA:213,0,1,1
DA:214,1
DA:216,1
DA:217,1
DA:219,1
DA:221,1
DA:223,1
BRDA:223,0,0,0
BRDA:223,0,1,1
DA:224,1
BRDA:224,0,0,0
BRDA:224,0,1,1
DA:226,1
DA:227,1
DA:229,1
DA:231,1
DA:233,1
DA:235,1
BRDA:235,0,0,0
BRDA:235,0,1,1
DA:237,1
DA:239,1
DA:240,1
DA:242,1
DA:244,1
DA:245,1
DA:247,1
DA:249,1
BRDA:249,0,0,0
BRDA:249,0,1,1
DA:251,1
DA:252,1
DA:253,1
DA:255,1
DA:256,1
DA:258,1
DA:260,1
DA:262,1
BRDA:262,0,0,0
BRDA:262,0,1,1
DA:263,1
BRDA:263,0,0,0
BRDA:263,0,1,1
DA:265,1
DA:266,1
DA:268,1
DA:270,1
DA:272,1
DA:274,1
BRDA:274,0,0,0
BRDA:274,0,1,1
DA:276,1
DA:278,1
DA:279,1
DA:281,1
DA:283,1
DA:284,1
DA:286,1
DA:288,1
BRDA:288,0,0,0
BRDA:288,0,1,1
DA:289,1
DA:290,1
DA:292,1
DA:293,1
DA:295,1
DA:297,1
DA:299,1
BRDA:299,0,0,0
BRDA:299,0,1,1
DA:300,1
BRDA:300,0,0,0
BRDA:300,0,1,1
DA:302,1
DA:303,1
DA:305,1
DA:307,1
DA:309,1
DA:311,1
BRDA:311,0,0,0
BRDA:311,0,1,1
DA:313,1
DA:315,1
DA:316,1
DA:318,1
DA:320,1
DA:321,1
DA:323,1
DA:325,1
BRDA:325,0,0,0
BRDA:325,0,1,1
DA:326,1
DA:327,1
DA:329,1
DA:330,1
DA:332,1
DA:334,1
DA:336,1
BRDA:336,0,0,0
BRDA:336,0,1,1
DA:337,1
BRDA:337,0,0,0
BRDA:337,0,1,1
DA:339,1
DA:340,1
DA:342,1
DA:344,1
DA:346,1
DA:348,1
BRDA:348,0,0,0
BRDA:348,0,1,1
DA:350,1
DA:352,1
DA:353,1
DA:355,1
DA:357,1
DA:358,1
DA:360,1
DA:361,1
BRDA:361,0,0,0
BRDA:361,0,1,1
DA:362,1
DA:364,1
DA:365,1
DA:367,1
DA:369,1
DA:371,1
BRDA:371,0,0,0
BRDA:371,0,1,1
DA:372,1
BRDA:372,0,0,0
BRDA:372,0,1,1
DA:374,1
DA:375,1
DA:377,1
DA:379,1
DA:381,1
DA:383,1
BRDA:383,0,0,0
BRDA:383,0,1,1
DA:385,1
DA:387,1
DA:388,1
DA:390,1
DA:392,1
DA:393,1
DA:395,1
DA:396,1
BRDA:396,0,0,0
BRDA:396,0,1,1
DA:397,1
DA:399,1
DA:400,1
DA:402,1
DA:404,1
DA:406,1
BRDA:406,0,0,0
BRDA:406,0,1,1
DA:407,1
BRDA:407,0,0,0
BRDA:407,0,1,1
DA:409,1
DA:410,1
DA:412,1
DA:414,1
DA:416,1
DA:418,1
BRDA:418,0,0,0
BRDA:418,0,1,1
DA:420,1
DA:422,1
DA:423,1
DA:425,1
DA:427,1
DA:429,1
DA:430,1
DA:431,1
DA:433,1
DA:434,1
DA:435,1
DA:437,1
DA:438,1
DA:439,1
DA:440,1
DA:442,1
DA:443,1
DA:444,1
DA:446,1
DA:447,1
DA:448,1
DA:450,1
DA:451,1
DA:452,1
DA:454,1
DA:455,1
DA:456,1
DA:458,1
DA:459,1
DA:460,1
DA:462,1
DA:463,1
DA:464,1
DA:466,1
DA:467,1
DA:468,1
DA:470,1
BRF:82
BRH:41
LF:260
LH:257
end_of_record
SF:/d/Projects/sample repo/c/cJSON/D:/Projects/sample repo/c/cJSON/cJSON.c
FN:94,cJSON_GetErrorPtr
FNDA:0,cJSON_GetErrorPtr
FN:99,cJSON_GetStringValue
FNDA:0,cJSON_GetStringValue
FN:109,cJSON_GetNumberValue
FNDA:0,cJSON_GetNumberValue
FN:124,cJSON_Version
FNDA:0,cJSON_Version
FN:133,case_insensitive_strcmp
FNDA:0,case_insensitive_strcmp
FN:188,cJSON_strdup
FNDA:16,cJSON_strdup
FN:209,cJSON_InitHooks
FNDA:26,cJSON_InitHooks
FN:241,cJSON_New_Item
FNDA:68,cJSON_New_Item
FN:253,cJSON_Delete
FNDA:63,cJSON_Delete
FN:279,get_decimal_point
FNDA:0,get_decimal_point
FN:307,parse_number
FNDA:0,parse_number
FN:411,cJSON_SetNumberHelper
FNDA:0,cJSON_SetNumberHelper
FN:430,cJSON_SetValuestring
FNDA:0,cJSON_SetValuestring
FN:485,ensure
FNDA:0,ensure
FN:571,update_offset
FNDA:0,update_offset
FN:584,compare_double
FNDA:0,compare_double
FN:591,print_number
FNDA:0,print_number
FN:661,parse_hex4
FNDA:0,parse_hex4
FN:698,utf16_literal_to_utf8
FNDA:0,utf16_literal_to_utf8
FN:819,parse_string
FNDA:0,parse_string
FN:949,print_string_ptr
FNDA:0,print_string_ptr
FN:1071,print_string
FNDA:0,print_string
FN:1085,buffer_skip_whitespace
FNDA:0,buffer_skip_whitespace
FN:1111,skip_utf8_bom
FNDA:0,skip_utf8_bom
FN:1126,cJSON_ParseWithOpts
FNDA:0,cJSON_ParseWithOpts
FN:1142,cJSON_ParseWithLengthOpts
FNDA:0,cJSON_ParseWithLengthOpts
FN:1222,cJSON_Parse
FNDA:0,cJSON_Parse
FN:1227,cJSON_ParseWithLength
FNDA:0,cJSON_ParseWithLength
FN:1234,print
FNDA:0,print
FN:1302,cJSON_Print
FNDA:0,cJSON_Print
FN:1307,cJSON_PrintUnformatted
FNDA:0,cJSON_PrintUnformatted
FN:1312,cJSON_PrintBuffered
FNDA:0,cJSON_PrintBuffered
FN:1343,cJSON_PrintPreallocated
FNDA:0,cJSON_PrintPreallocated
FN:1363,parse_value
FNDA:0,parse_value
FN:1418,print_value
FNDA:0,print_value
FN:1492,parse_array
FNDA:0,parse_array
FN:1590,print_array
FNDA:0,print_array
FN:1657,parse_object
FNDA:0,parse_object
FN:1775,print_object
FNDA:0,print_object
FN:1894,cJSON_GetArraySize
FNDA:0,cJSON_GetArraySize
FN:1917,get_array_item
FNDA:0,get_array_item
FN:1936,cJSON_GetArrayItem
FNDA:0,cJSON_GetArrayItem
FN:1946,get_object_item
FNDA:10,get_object_item
FN:1978,cJSON_GetObjectItem
FNDA:0,cJSON_GetObjectItem
FN:1983,cJSON_GetObjectItemCaseSensitive
FNDA:10,cJSON_GetObjectItemCaseSensitive
FN:1988,cJSON_HasObjectItem
FNDA:0,cJSON_HasObjectItem
FN:1994,suffix_object
FNDA:1,suffix_object
FN:2001,create_reference
FNDA:0,create_reference
FN:2022,add_item_to_array
FNDA:10,add_item_to_array
FN:2056,cJSON_AddItemToArray
FNDA:0,cJSON_AddItemToArray
FN:2068,cast_away_const
FNDA:0,cast_away_const
FN:2077,add_item_to_object
FNDA:37,add_item_to_object
FN:2114,cJSON_AddItemToObject
FNDA:0,cJSON_AddItemToObject
FN:2120,cJSON_AddItemToObjectCS
FNDA:0,cJSON_AddItemToObjectCS
FN:2125,cJSON_AddItemReferenceToArray
FNDA:0,cJSON_AddItemReferenceToArray
FN:2135,cJSON_AddItemReferenceToObject
FNDA:0,cJSON_AddItemReferenceToObject
FN:2145,cJSON_AddNullToObject
FNDA:4,cJSON_AddNullToObject
FN:2157,cJSON_AddTrueToObject
FNDA:4,cJSON_AddTrueToObject
FN:2169,cJSON_AddFalseToObject
FNDA:4,cJSON_AddFalseToObject
FN:2181,cJSON_AddBoolToObject
FNDA:5,cJSON_AddBoolToObject
FN:2193,cJSON_AddNumberToObject
FNDA:4,cJSON_AddNumberToObject
FN:2205,cJSON_AddStringToObject
FNDA:4,cJSON_AddStringToObject
FN:2217,cJSON_AddRawToObject
FNDA:4,cJSON_AddRawToObject
FN:2229,cJSON_AddObjectToObject
FNDA:4,cJSON_AddObjectToObject
FN:2241,cJSON_AddArrayToObject
FNDA:4,cJSON_AddArrayToObject
FN:2253,cJSON_DetachItemViaPointer
FNDA:0,cJSON_DetachItemViaPointer
FN:2289,cJSON_DetachItemFromArray
FNDA:0,cJSON_DetachItemFromArray
FN:2299,cJSON_DeleteItemFromArray
FNDA:0,cJSON_DeleteItemFromArray
FN:2304,cJSON_DetachItemFromObject
FNDA:0,cJSON_DetachItemFromObject
FN:2311,cJSON_DetachItemFromObjectCaseSensitive
FNDA:0,cJSON_DetachItemFromObjectCaseSensitive
FN:2318,cJSON_DeleteItemFromObject
FNDA:0,cJSON_DeleteItemFromObject
FN:2323,cJSON_DeleteItemFromObjectCaseSensitive
FNDA:0,cJSON_DeleteItemFromObjectCaseSensitive
FN:2329,cJSON_InsertItemInArray
FNDA:0,cJSON_InsertItemInArray
FN:2363,cJSON_ReplaceItemViaPointer
FNDA:0,cJSON_ReplaceItemViaPointer
FN:2412,cJSON_ReplaceItemInArray
FNDA:0,cJSON_ReplaceItemInArray
FN:2422,replace_item_in_object
FNDA:0,replace_item_in_object
FN:2445,cJSON_ReplaceItemInObject
FNDA:0,cJSON_ReplaceItemInObject
FN:2450,cJSON_ReplaceItemInObjectCaseSensitive
FNDA:0,cJSON_ReplaceItemInObjectCaseSensitive
FN:2456,cJSON_CreateNull
FNDA:4,cJSON_CreateNull
FN:2467,cJSON_CreateTrue
FNDA:4,cJSON_CreateTrue
FN:2478,cJSON_CreateFalse
FNDA:4,cJSON_CreateFalse
FN:2489,cJSON_CreateBool
FNDA:5,cJSON_CreateBool
FN:2500,cJSON_CreateNumber
FNDA:4,cJSON_CreateNumber
FN:2526,cJSON_CreateString
FNDA:4,cJSON_CreateString
FN:2543,cJSON_CreateStringReference
FNDA:0,cJSON_CreateStringReference
FN:2555,cJSON_CreateObjectReference
FNDA:0,cJSON_CreateObjectReference
FN:2566,cJSON_CreateArrayReference
FNDA:0,cJSON_CreateArrayReference
FN:2576,cJSON_CreateRaw
FNDA:4,cJSON_CreateRaw
FN:2593,cJSON_CreateArray
FNDA:8,cJSON_CreateArray
FN:2604,cJSON_CreateObject
FNDA:31,cJSON_CreateObject
FN:2616,cJSON_CreateIntArray
FNDA:1,cJSON_CreateIntArray
FN:2656,cJSON_CreateFloatArray
FNDA:1,cJSON_CreateFloatArray
FN:2696,cJSON_CreateDoubleArray
FNDA:1,cJSON_CreateDoubleArray
FN:2736,cJSON_CreateStringArray
FNDA:1,cJSON_CreateStringArray
FN:2779,cJSON_Duplicate
FNDA:0,cJSON_Duplicate
FN:2784,cJSON_Duplicate_rec
FNDA:0,cJSON_Duplicate_rec
FN:2870,skip_oneline_comment
FNDA:0,skip_oneline_comment
FN:2883,skip_multiline_comment
FNDA:0,skip_multiline_comment
FN:2897,minify_string
FNDA:0,minify_string
FN:2919,cJSON_Minify
FNDA:0,cJSON_Minify
FN:2967,cJSON_IsInvalid
FNDA:0,cJSON_IsInvalid
FN:2977,cJSON_IsFalse
FNDA:0,cJSON_IsFalse
FN:2987,cJSON_IsTrue
FNDA:0,cJSON_IsTrue
FN:2998,cJSON_IsBool
FNDA:0,cJSON_IsBool
FN:3007,cJSON_IsNull
FNDA:0,cJSON_IsNull
FN:3017,cJSON_IsNumber
FNDA:0,cJSON_IsNumber
FN:3027,cJSON_IsString
FNDA:0,cJSON_IsString
FN:3037,cJSON_IsArray
FNDA:0,cJSON_IsArray
FN:3047,cJSON_IsObject
FNDA:0,cJSON_IsObject
FN:3057,cJSON_IsRaw
FNDA:0,cJSON_IsRaw
FN:3067,cJSON_Compare
FNDA:0,cJSON_Compare
FN:3192,cJSON_malloc
FNDA:0,cJSON_malloc
FN:3197,cJSON_free
FNDA:0,cJSON_free
FNF:113
FNH:31
DA:94,0
DA:96,0
DA:99,0
DA:101,0
BRDA:101,0,0,-
BRDA:101,0,1,-
DA:103,0
DA:106,0
DA:109,0
DA:111,0
BRDA:111,0,0,-
BRDA:111,0,1,-
DA:113,0
DA:116,0
DA:124,0
DA:127,0
DA:129,0
DA:133,0
DA:135,0
BRDA:135,0,0,-
BRDA:135,0,1,-
BRDA:135,0,2,-
BRDA:135,0,3,-
DA:137,0
DA:140,0
BRDA:140,0,0,-
BRDA:140,0,1,-
DA:142,0
DA:145,0
BRDA:145,0,0,-
BRDA:145,0,1,-
DA:147,0
BRDA:147,0,0,-
BRDA:147,0,1,-
DA:149,0
DA:153,0
DA:188,16
DA:190,16
DA:191,16
DA:193,16
BRDA:193,0,0,0
BRDA:193,0,1,16
DA:195,0
DA:198,16
DA:199,16
DA:200,16
BRDA:200,0,0,0
BRDA:200,0,1,16
DA:202,0
DA:204,16
DA:206,16
DA:209,26
DA:211,26
BRDA:211,0,0,13
BRDA:211,0,1,13
DA:214,13
DA:215,13
DA:216,13
DA:217,13
DA:220,13
DA:221,13
BRDA:221,0,0,13
BRDA:221,0,1,0
DA:223,13
DA:226,13
DA:227,13
BRDA:227,0,0,13
BRDA:227,0,1,0
DA:229,13
DA:233,13
DA:234,13
BRDA:234,0,0,0
BRDA:234,0,1,13
BRDA:234,0,2,0
BRDA:234,0,3,0
DA:236,0
DA:241,68
DA:243,68
DA:244,68
BRDA:244,0,0,55
BRDA:244,0,1,13
DA:246,55
DA:249,68
DA:253,63
DA:255,63
DA:256,118
BRDA:256,0,0,55
BRDA:256,0,1,63
DA:258,55
DA:259,55
BRDA:259,0,0,55
BRDA:259,0,1,0
BRDA:259,0,2,9
BRDA:259,0,3,46
DA:261,9
DA:263,55
BRDA:263,0,0,55
BRDA:263,0,1,0
BRDA:263,0,2,6
BRDA:263,0,3,49
DA:265,6
DA:266,6
DA:268,55
BRDA:268,0,0,55
BRDA:268,0,1,0
BRDA:268,0,2,10
BRDA:268,0,3,45
DA:270,10
DA:271,10
DA:273,55
DA:274,55
DA:276,63
DA:279,0
DA:282,0
DA:283,0
DA:307,0
DA:309,0
DA:310,0
DA:312,0
DA:313,0
DA:314,0
DA:315,0
DA:317,0
BRDA:317,0,0,-
BRDA:317,0,1,-
BRDA:317,0,2,-
BRDA:317,0,3,-
DA:319,0
DA:325,0
BRDA:325,0,0,-
BRDA:325,0,1,-
BRDA:325,0,2,-
BRDA:325,0,3,-
DA:327,0
BRDA:327,0,0,-
BRDA:327,0,1,-
BRDA:327,0,2,-
DA:329,0
DA:343,0
DA:344,0
DA:346,0
DA:347,0
DA:348,0
DA:349,0
DA:351,0
DA:352,0
DA:355,0
DA:357,0
DA:358,0
BRDA:358,0,0,-
BRDA:358,0,1,-
DA:360,0
DA:363,0
DA:364,0
DA:366,0
BRDA:366,0,0,-
BRDA:366,0,1,-
DA:368,0
BRDA:368,0,0,-
BRDA:368,0,1,-
DA:370,0
BRDA:370,0,0,-
BRDA:370,0,1,-
DA:373,0
DA:378,0
DA:379,0
BRDA:379,0,0,-
BRDA:379,0,1,-
DA:382,0
DA:383,0
DA:386,0
DA:389,0
BRDA:389,0,0,-
BRDA:389,0,1,-
DA:391,0
DA:393,0
BRDA:393,0,0,-
BRDA:393,0,1,-
DA:395,0
DA:399,0
DA:402,0
DA:404,0
DA:406,0
DA:407,0
DA:411,0
DA:413,0
BRDA:413,0,0,-
BRDA:413,0,1,-
DA:415,0
DA:417,0
BRDA:417,0,0,-
BRDA:417,0,1,-
DA:419,0
DA:423,0
DA:426,0
DA:430,0
DA:432,0
DA:436,0
BRDA:436,0,0,-
BRDA:436,0,1,-
BRDA:436,0,2,-
BRDA:436,0,3,-
BRDA:436,0,4,-
BRDA:436,0,5,-
DA:438,0
DA:441,0
BRDA:441,0,0,-
BRDA:441,0,1,-
BRDA:441,0,2,-
BRDA:441,0,3,-
DA:443,0
DA:446,0
DA:447,0
DA:449,0
BRDA:449,0,0,-
BRDA:449,0,1,-
DA:452,0
BRDA:452,0,0,-
BRDA:452,0,1,-
BRDA:452,0,2,-
BRDA:452,0,3,-
DA:454,0
DA:456,0
DA:457,0
DA:459,0
DA:460,0
BRDA:460,0,0,-
BRDA:460,0,1,-
DA:462,0
DA:464,0
BRDA:464,0,0,-
BRDA:464,0,1,-
DA:466,0
DA:468,0
DA:470,0
DA:485,0
DA:487,0
DA:488,0
DA:490,0
BRDA:490,0,0,-
BRDA:490,0,1,-
BRDA:490,0,2,-
BRDA:490,0,3,-
DA:492,0
DA:495,0
BRDA:495,0,0,-
BRDA:495,0,1,-
BRDA:495,0,2,-
BRDA:495,0,3,-
DA:498,0
DA:501,0
BRDA:501,0,0,-
BRDA:501,0,1,-
DA:504,0
DA:507,0
DA:508,0
BRDA:508,0,0,-
BRDA:508,0,1,-
DA:510,0
DA:513,0
BRDA:513,0,0,-
BRDA:513,0,1,-
DA:514,0
DA:518,0
BRDA:518,0,0,-
BRDA:518,0,1,-
DA:521,0
BRDA:521,0,0,-
BRDA:521,0,1,-
DA:523,0
DA:527,0
DA:532,0
DA:535,0
BRDA:535,0,0,-
BRDA:535,0,1,-
DA:538,0
DA:539,0
BRDA:539,0,0,-
BRDA:539,0,1,-
DA:541,0
DA:542,0
DA:543,0
DA:545,0
DA:551,0
DA:552,0
BRDA:552,0,0,-
BRDA:552,0,1,-
DA:554,0
DA:555,0
DA:556,0
DA:558,0
DA:561,0
DA:562,0
DA:564,0
DA:565,0
DA:567,0
DA:571,0
DA:573,0
DA:574,0
BRDA:574,0,0,-
BRDA:574,0,1,-
BRDA:574,0,2,-
BRDA:574,0,3,-
DA:576,0
DA:578,0
DA:580,0
DA:584,0
DA:586,0
BRDA:586,0,0,-
BRDA:586,0,1,-
DA:587,0
DA:591,0
DA:593,0
DA:594,0
DA:595,0
DA:596,0
DA:597,0
DA:598,0
DA:599,0
DA:601,0
BRDA:601,0,0,-
BRDA:601,0,1,-
DA:603,0
DA:607,0
BRDA:607,0,0,-
BRDA:607,0,1,-
BRDA:607,0,2,-
BRDA:607,0,3,-
DA:609,0
DA:611,0
BRDA:611,0,0,-
BRDA:611,0,1,-
DA:613,0
DA:618,0
DA:621,0
BRDA:621,0,0,-
BRDA:621,0,1,-
BRDA:621,0,2,-
BRDA:621,0,3,-
DA:624,0
DA:629,0
BRDA:629,0,0,-
BRDA:629,0,1,-
BRDA:629,0,2,-
BRDA:629,0,3,-
DA:631,0
DA:635,0
DA:636,0
BRDA:636,0,0,-
BRDA:636,0,1,-
DA:638,0
DA:643,0
BRDA:643,0,0,-
BRDA:643,0,1,-
DA:645,0
BRDA:645,0,0,-
BRDA:645,0,1,-
DA:647,0
DA:648,0
DA:651,0
DA:653,0
DA:655,0
DA:657,0
DA:661,0
DA:663,0
DA:664,0
DA:666,0
BRDA:666,0,0,-
BRDA:666,0,1,-
DA:669,0
BRDA:669,0,0,-
BRDA:669,0,1,-
BRDA:669,0,2,-
BRDA:669,0,3,-
DA:671,0
DA:673,0
BRDA:673,0,0,-
BRDA:673,0,1,-
BRDA:673,0,2,-
BRDA:673,0,3,-
DA:675,0
DA:677,0
BRDA:677,0,0,-
BRDA:677,0,1,-
BRDA:677,0,2,-
BRDA:677,0,3,-
DA:679,0
DA:683,0
DA:686,0
BRDA:686,0,0,-
BRDA:686,0,1,-
DA:689,0
DA:693,0
DA:698,0
DA:700,0
DA:701,0
DA:702,0
DA:703,0
DA:704,0
DA:705,0
DA:706,0
DA:708,0
BRDA:708,0,0,-
BRDA:708,0,1,-
DA:711,0
DA:715,0
DA:718,0
BRDA:718,0,0,-
BRDA:718,0,1,-
BRDA:718,0,2,-
BRDA:718,0,3,-
DA:720,0
DA:724,0
BRDA:724,0,0,-
BRDA:724,0,1,-
BRDA:724,0,2,-
BRDA:724,0,3,-
DA:725,0
DA:726,0
DA:727,0
DA:728,0
DA:730,0
BRDA:730,0,0,-
BRDA:730,0,1,-
DA:733,0
DA:736,0
BRDA:736,0,0,-
BRDA:736,0,1,-
BRDA:736,0,2,-
BRDA:736,0,3,-
DA:739,0
DA:743,0
DA:745,0
BRDA:745,0,0,-
BRDA:745,0,1,-
BRDA:745,0,2,-
BRDA:745,0,3,-
DA:748,0
DA:753,0
DA:757,0
DA:758,0
DA:764,0
BRDA:764,0,0,-
BRDA:764,0,1,-
DA:767,0
DA:769,0
BRDA:769,0,0,-
BRDA:769,0,1,-
DA:772,0
DA:773,0
DA:775,0
BRDA:775,0,0,-
BRDA:775,0,1,-
DA:778,0
DA:779,0
DA:781,0
BRDA:781,0,0,-
BRDA:781,0,1,-
DA:784,0
DA:785,0
DA:790,0
DA:794,0
BRDA:794,0,0,-
BRDA:794,0,1,-
DA:797,0
DA:798,0
DA:801,0
BRDA:801,0,0,-
BRDA:801,0,1,-
DA:803,0
DA:807,0
DA:810,0
DA:812,0
DA:814,0
DA:815,0
DA:819,0
DA:821,0
DA:822,0
DA:823,0
DA:824,0
DA:827,0
BRDA:827,0,0,-
BRDA:827,0,1,-
DA:829,0
DA:834,0
DA:835,0
DA:836,0
BRDA:836,0,0,-
BRDA:836,0,1,-
BRDA:836,0,2,-
BRDA:836,0,3,-
DA:839,0
BRDA:839,0,0,-
BRDA:839,0,1,-
DA:841,0
BRDA:841,0,0,-
BRDA:841,0,1,-
DA:844,0
DA:846,0
DA:847,0
DA:849,0
DA:851,0
BRDA:851,0,0,-
BRDA:851,0,1,-
BRDA:851,0,2,-
BRDA:851,0,3,-
DA:853,0
DA:857,0
DA:858,0
DA:859,0
BRDA:859,0,0,-
BRDA:859,0,1,-
DA:861,0
DA:865,0
DA:867,0
BRDA:867,0,0,-
BRDA:867,0,1,-
DA:869,0
BRDA:869,0,0,-
BRDA:869,0,1,-
DA:871,0
DA:876,0
DA:877,0
BRDA:877,0,0,-
BRDA:877,0,1,-
DA:879,0
DA:882,0
BRDA:882,0,0,-
BRDA:882,0,1,-
BRDA:882,0,2,-
BRDA:882,0,3,-
BRDA:882,0,4,-
BRDA:882,0,5,-
BRDA:882,0,6,-
BRDA:882,0,7,-
DA:884,0
DA:885,0
DA:886,0
DA:887,0
DA:888,0
DA:889,0
DA:890,0
DA:891,0
DA:892,0
DA:893,0
DA:894,0
DA:895,0
DA:896,0
DA:897,0
DA:898,0
DA:899,0
DA:902,0
DA:903,0
DA:906,0
DA:907,0
DA:908,0
BRDA:908,0,0,-
BRDA:908,0,1,-
DA:911,0
DA:913,0
DA:915,0
DA:916,0
DA:918,0
DA:923,0
DA:925,0
DA:926,0
DA:928,0
DA:929,0
DA:931,0
DA:933,0
DA:934,0
BRDA:934,0,0,-
BRDA:934,0,1,-
DA:936,0
DA:937,0
DA:940,0
BRDA:940,0,0,-
BRDA:940,0,1,-
DA:942,0
DA:945,0
DA:949,0
DA:951,0
DA:952,0
DA:953,0
DA:954,0
DA:956,0
DA:958,0
BRDA:958,0,0,-
BRDA:958,0,1,-
DA:960,0
DA:964,0
BRDA:964,0,0,-
BRDA:964,0,1,-
DA:966,0
DA:967,0
BRDA:967,0,0,-
BRDA:967,0,1,-
DA:969,0
DA:971,0
DA:973,0
DA:977,0
BRDA:977,0,0,-
BRDA:977,0,1,-
DA:979,0
BRDA:979,0,0,-
BRDA:979,0,1,-
DA:981,0
DA:989,0
DA:990,0
DA:991,0
DA:992,0
BRDA:992,0,0,-
BRDA:992,0,1,-
DA:995,0
DA:997,0
DA:1000,0
DA:1002,0
DA:1003,0
BRDA:1003,0,0,-
BRDA:1003,0,1,-
DA:1005,0
DA:1009,0
BRDA:1009,0,0,-
BRDA:1009,0,1,-
DA:1011,0
DA:1012,0
DA:1013,0
DA:1014,0
DA:1016,0
DA:1019,0
DA:1020,0
DA:1022,0
BRDA:1022,0,0,-
BRDA:1022,0,1,-
DA:1024,0
BRDA:1024,0,0,-
BRDA:1024,0,1,-
BRDA:1024,0,2,-
BRDA:1024,0,3,-
BRDA:1024,0,4,-
BRDA:1024,0,5,-
DA:1027,0
DA:1032,0
DA:1033,0
BRDA:1033,0,0,-
BRDA:1033,0,1,-
BRDA:1033,0,2,-
BRDA:1033,0,3,-
BRDA:1033,0,4,-
BRDA:1033,0,5,-
BRDA:1033,0,6,-
BRDA:1033,0,7,-
DA:1035,0
DA:1036,0
DA:1037,0
DA:1038,0
DA:1039,0
DA:1040,0
DA:1041,0
DA:1042,0
DA:1043,0
DA:1044,0
DA:1045,0
DA:1046,0
DA:1047,0
DA:1048,0
DA:1049,0
DA:1050,0
DA:1051,0
DA:1052,0
DA:1053,0
DA:1054,0
DA:1055,0
DA:1056,0
DA:1058,0
DA:1059,0
DA:1060,0
DA:1064,0
DA:1065,0
DA:1067,0
DA:1071,0
DA:1073,0
DA:1085,0
DA:1087,0
BRDA:1087,0,0,-
BRDA:1087,0,1,-
BRDA:1087,0,2,-
BRDA:1087,0,3,-
DA:1089,0
DA:1092,0
BRDA:1092,0,0,-
BRDA:1092,0,1,-
BRDA:1092,0,2,-
BRDA:1092,0,3,-
DA:1094,0
DA:1097,0
BRDA:1097,0,0,-
BRDA:1097,0,1,-
BRDA:1097,0,2,-
BRDA:1097,0,3,-
BRDA:1097,0,4,-
BRDA:1097,0,5,-
DA:1099,0
DA:1102,0
BRDA:1102,0,0,-
BRDA:1102,0,1,-
DA:1104,0
DA:1107,0
DA:1111,0
DA:1113,0
BRDA:1113,0,0,-
BRDA:1113,0,1,-
BRDA:1113,0,2,-
BRDA:1113,0,3,-
BRDA:1113,0,4,-
BRDA:1113,0,5,-
DA:1115,0
DA:1118,0
BRDA:1118,0,0,-
BRDA:1118,0,1,-
BRDA:1118,0,2,-
BRDA:1118,0,3,-
BRDA:1118,0,4,-
BRDA:1118,0,5,-
DA:1120,0
DA:1123,0
DA:1126,0
DA:1130,0
BRDA:1130,0,0,-
BRDA:1130,0,1,-
DA:1132,0
DA:1136,0
DA:1138,0
DA:1142,0
DA:1144,0
DA:1145,0
DA:1148,0
DA:1149,0
DA:1151,0
BRDA:1151,0,0,-
BRDA:1151,0,1,-
BRDA:1151,0,2,-
BRDA:1151,0,3,-
DA:1153,0
DA:1156,0
DA:1157,0
DA:1158,0
DA:1159,0
DA:1161,0
DA:1162,0
BRDA:1162,0,0,-
BRDA:1162,0,1,-
DA:1164,0
DA:1167,0
BRDA:1167,0,0,-
BRDA:1167,0,1,-
DA:1170,0
DA:1174,0
BRDA:1174,0,0,-
BRDA:1174,0,1,-
DA:1176,0
DA:1177,0
BRDA:1177,0,0,-
BRDA:1177,0,1,-
BRDA:1177,0,2,-
BRDA:1177,0,3,-
DA:1179,0
DA:1182,0
BRDA:1182,0,0,-
BRDA:1182,0,1,-
DA:1184,0
DA:1187,0
DA:1189,0
DA:1190,0
BRDA:1190,0,0,-
BRDA:1190,0,1,-
DA:1192,0
DA:1195,0
BRDA:1195,0,0,-
BRDA:1195,0,1,-
DA:1198,0
DA:1199,0
DA:1201,0
BRDA:1201,0,0,-
BRDA:1201,0,1,-
DA:1203,0
DA:1205,0
BRDA:1205,0,0,-
BRDA:1205,0,1,-
DA:1207,0
DA:1210,0
BRDA:1210,0,0,-
BRDA:1210,0,1,-
DA:1212,0
DA:1215,0
DA:1218,0
DA:1222,0
DA:1224,0
DA:1227,0
DA:1229,0
DA:1234,0
DA:1238,0
DA:1240,0
DA:1243,0
DA:1244,0
DA:1245,0
DA:1246,0
DA:1247,0
BRDA:1247,0,0,-
BRDA:1247,0,1,-
DA:1249,0
DA:1253,0
BRDA:1253,0,0,-
BRDA:1253,0,1,-
DA:1255,0
DA:1257,0
DA:1260,0
BRDA:1260,0,0,-
BRDA:1260,0,1,-
DA:1262,0
DA:1263,0
BRDA:1263,0,0,-
BRDA:1263,0,1,-
DA:1264,0
DA:1266,0
DA:1270,0
DA:1271,0
BRDA:1271,0,0,-
BRDA:1271,0,1,-
DA:1273,0
DA:1275,0
DA:1276,0
DA:1279,0
DA:1280,0
DA:1283,0
DA:1285,0
DA:1286,0
BRDA:1286,0,0,-
BRDA:1286,0,1,-
DA:1288,0
DA:1289,0
DA:1292,0
BRDA:1292,0,0,-
BRDA:1292,0,1,-
DA:1294,0
DA:1295,0
DA:1298,0
DA:1302,0
DA:1304,0
DA:1307,0
DA:1309,0
DA:1312,0
DA:1314,0
DA:1316,0
BRDA:1316,0,0,-
BRDA:1316,0,1,-
DA:1318,0
DA:1321,0
DA:1322,0
BRDA:1322,0,0,-
BRDA:1322,0,1,-
DA:1324,0
DA:1327,0
DA:1328,0
DA:1329,0
DA:1330,0
DA:1331,0
DA:1333,0
BRDA:1333,0,0,-
BRDA:1333,0,1,-
DA:1335,0
DA:1336,0
DA:1337,0
DA:1340,0
DA:1343,0
DA:1345,0
DA:1347,0
BRDA:1347,0,0,-
BRDA:1347,0,1,-
BRDA:1347,0,2,-
BRDA:1347,0,3,-
DA:1349,0
DA:1352,0
DA:1353,0
DA:1354,0
DA:1355,0
DA:1356,0
DA:1357,0
DA:1359,0
DA:1363,0
DA:1365,0
BRDA:1365,0,0,-
BRDA:1365,0,1,-
BRDA:1365,0,2,-
BRDA:1365,0,3,-
DA:1367,0
DA:1372,0
BRDA:1372,0,0,-
BRDA:1372,0,1,-
BRDA:1372,0,2,-
BRDA:1372,0,3,-
BRDA:1372,0,4,-
BRDA:1372,0,5,-
DA:1374,0
DA:1375,0
DA:1376,0
DA:1379,0
BRDA:1379,0,0,-
BRDA:1379,0,1,-
BRDA:1379,0,2,-
BRDA:1379,0,3,-
BRDA:1379,0,4,-
BRDA:1379,0,5,-
DA:1381,0
DA:1382,0
DA:1383,0
DA:1386,0
BRDA:1386,0,0,-
BRDA:1386,0,1,-
BRDA:1386,0,2,-
BRDA:1386,0,3,-
BRDA:1386,0,4,-
BRDA:1386,0,5,-
DA:1388,0
DA:1389,0
DA:1390,0
DA:1391,0
DA:1394,0
BRDA:1394,0,0,-
BRDA:1394,0,1,-
BRDA:1394,0,2,-
BRDA:1394,0,3,-
BRDA:1394,0,4,-
BRDA:1394,0,5,-
DA:1396,0
DA:1399,0
BRDA:1399,0,0,-
BRDA:1399,0,1,-
BRDA:1399,0,2,-
BRDA:1399,0,3,-
BRDA:1399,0,4,-
BRDA:1399,0,5,-
BRDA:1399,0,6,-
BRDA:1399,0,7,-
BRDA:1399,0,8,-
BRDA:1399,0,9,-
DA:1401,0
DA:1404,0
BRDA:1404,0,0,-
BRDA:1404,0,1,-
BRDA:1404,0,2,-
BRDA:1404,0,3,-
BRDA:1404,0,4,-
BRDA:1404,0,5,-
DA:1406,0
DA:1409,0
BRDA:1409,0,0,-
BRDA:1409,0,1,-
BRDA:1409,0,2,-
BRDA:1409,0,3,-
BRDA:1409,0,4,-
BRDA:1409,0,5,-
DA:1411,0
DA:1414,0
DA:1418,0
DA:1420,0
DA:1422,0
BRDA:1422,0,0,-
BRDA:1422,0,1,-
BRDA:1422,0,2,-
BRDA:1422,0,3,-
DA:1424,0
DA:1427,0
BRDA:1427,0,0,-
BRDA:1427,0,1,-
BRDA:1427,0,2,-
BRDA:1427,0,3,-
BRDA:1427,0,4,-
BRDA:1427,0,5,-
BRDA:1427,0,6,-
BRDA:1427,0,7,-
BRDA:1427,0,8,-
DA:1429,0
DA:1430,0
DA:1431,0
BRDA:1431,0,0,-
BRDA:1431,0,1,-
DA:1433,0
DA:1435,0
DA:1436,0
DA:1438,0
DA:1439,0
DA:1440,0
BRDA:1440,0,0,-
BRDA:1440,0,1,-
DA:1442,0
DA:1444,0
DA:1445,0
DA:1447,0
DA:1448,0
DA:1449,0
BRDA:1449,0,0,-
BRDA:1449,0,1,-
DA:1451,0
DA:1453,0
DA:1454,0
DA:1456,0
DA:1457,0
DA:1459,0
DA:1461,0
DA:1462,0
BRDA:1462,0,0,-
BRDA:1462,0,1,-
DA:1464,0
DA:1467,0
DA:1468,0
DA:1469,0
BRDA:1469,0,0,-
BRDA:1469,0,1,-
DA:1471,0
DA:1473,0
DA:1474,0
DA:1477,0
DA:1478,0
DA:1480,0
DA:1481,0
DA:1483,0
DA:1484,0
DA:1486,0
DA:1487,0
DA:1492,0
DA:1494,0
DA:1495,0
DA:1497,0
BRDA:1497,0,0,-
BRDA:1497,0,1,-
DA:1499,0
DA:1501,0
DA:1503,0
BRDA:1503,0,0,-
BRDA:1503,0,1,-
DA:1506,0
DA:1509,0
DA:1510,0
DA:1511,0
BRDA:1511,0,0,-
BRDA:1511,0,1,-
BRDA:1511,0,2,-
BRDA:1511,0,3,-
BRDA:1511,0,4,-
BRDA:1511,0,5,-
DA:1514,0
DA:1518,0
BRDA:1518,0,0,-
BRDA:1518,0,1,-
BRDA:1518,0,2,-
BRDA:1518,0,3,-
DA:1520,0
DA:1521,0
DA:1525,0
DA:1530,0
DA:1531,0
BRDA:1531,0,0,-
BRDA:1531,0,1,-
DA:1533,0
DA:1537,0
BRDA:1537,0,0,-
BRDA:1537,0,1,-
DA:1540,0
DA:1545,0
DA:1546,0
DA:1547,0
DA:1551,0
DA:1552,0
DA:1553,0
BRDA:1553,0,0,-
BRDA:1553,0,1,-
DA:1555,0
DA:1557,0
DA:1559,0
BRDA:1559,0,0,-
BRDA:1559,0,1,-
BRDA:1559,0,2,-
BRDA:1559,0,3,-
BRDA:1559,0,4,-
BRDA:1559,0,5,-
DA:1561,0
BRDA:1561,0,0,-
BRDA:1561,0,1,-
BRDA:1561,0,2,-
BRDA:1561,0,3,-
BRDA:1561,0,4,-
BRDA:1561,0,5,-
DA:1563,0
DA:1566,0
DA:1567,0
DA:1569,0
BRDA:1569,0,0,-
BRDA:1569,0,1,-
DA:1570,0
DA:1573,0
DA:1574,0
DA:1576,0
DA:1578,0
DA:1580,0
DA:1581,0
BRDA:1581,0,0,-
BRDA:1581,0,1,-
DA:1583,0
DA:1586,0
DA:1590,0
DA:1592,0
DA:1593,0
DA:1594,0
DA:1596,0
BRDA:1596,0,0,-
BRDA:1596,0,1,-
DA:1598,0
DA:1601,0
BRDA:1601,0,0,-
BRDA:1601,0,1,-
DA:1603,0
DA:1608,0
DA:1609,0
BRDA:1609,0,0,-
BRDA:1609,0,1,-
DA:1611,0
DA:1614,0
DA:1615,0
DA:1616,0
DA:1618,0
BRDA:1618,0,0,-
BRDA:1618,0,1,-
DA:1620,0
BRDA:1620,0,0,-
BRDA:1620,0,1,-
DA:1622,0
DA:1624,0
DA:1625,0
BRDA:1625,0,0,-
BRDA:1625,0,1,-
DA:1627,0
BRDA:1627,0,0,-
BRDA:1627,0,1,-
DA:1628,0
DA:1629,0
BRDA:1629,0,0,-
BRDA:1629,0,1,-
DA:1631,0
DA:1633,0
DA:1634,0
BRDA:1634,0,0,-
BRDA:1634,0,1,-
DA:1636,0
DA:1638,0
DA:1639,0
DA:1641,0
DA:1644,0
DA:1645,0
BRDA:1645,0,0,-
BRDA:1645,0,1,-
DA:1647,0
DA:1649,0
DA:1650,0
DA:1651,0
DA:1653,0
DA:1657,0
DA:1659,0
DA:1660,0
DA:1662,0
BRDA:1662,0,0,-
BRDA:1662,0,1,-
DA:1664,0
DA:1666,0
DA:1668,0
BRDA:1668,0,0,-
BRDA:1668,0,1,-
BRDA:1668,0,2,-
BRDA:1668,0,3,-
BRDA:1668,0,4,-
BRDA:1668,0,5,-
DA:1670,0
DA:1673,0
DA:1674,0
DA:1675,0
BRDA:1675,0,0,-
BRDA:1675,0,1,-
BRDA:1675,0,2,-
BRDA:1675,0,3,-
BRDA:1675,0,4,-
BRDA:1675,0,5,-
DA:1677,0
DA:1681,0
BRDA:1681,0,0,-
BRDA:1681,0,1,-
BRDA:1681,0,2,-
BRDA:1681,0,3,-
DA:1683,0
DA:1684,0
DA:1688,0
DA:1693,0
DA:1694,0
BRDA:1694,0,0,-
BRDA:1694,0,1,-
DA:1696,0
DA:1700,0
BRDA:1700,0,0,-
BRDA:1700,0,1,-
DA:1703,0
DA:1708,0
DA:1709,0
DA:1710,0
DA:1713,0
BRDA:1713,0,0,-
BRDA:1713,0,1,-
BRDA:1713,0,2,-
BRDA:1713,0,3,-
DA:1715,0
DA:1719,0
DA:1720,0
DA:1721,0
BRDA:1721,0,0,-
BRDA:1721,0,1,-
DA:1723,0
DA:1725,0
DA:1728,0
DA:1729,0
DA:1731,0
BRDA:1731,0,0,-
BRDA:1731,0,1,-
BRDA:1731,0,2,-
BRDA:1731,0,3,-
BRDA:1731,0,4,-
BRDA:1731,0,5,-
DA:1733,0
DA:1737,0
DA:1738,0
DA:1739,0
BRDA:1739,0,0,-
BRDA:1739,0,1,-
DA:1741,0
DA:1743,0
DA:1745,0
BRDA:1745,0,0,-
BRDA:1745,0,1,-
BRDA:1745,0,2,-
BRDA:1745,0,3,-
BRDA:1745,0,4,-
BRDA:1745,0,5,-
DA:1747,0
BRDA:1747,0,0,-
BRDA:1747,0,1,-
BRDA:1747,0,2,-
BRDA:1747,0,3,-
BRDA:1747,0,4,-
BRDA:1747,0,5,-
DA:1749,0
DA:1752,0
DA:1753,0
DA:1755,0
BRDA:1755,0,0,-
BRDA:1755,0,1,-
DA:1756,0
DA:1759,0
DA:1760,0
DA:1762,0
DA:1763,0
DA:1765,0
DA:1766,0
BRDA:1766,0,0,-
BRDA:1766,0,1,-
DA:1768,0
DA:1771,0
DA:1775,0
DA:1777,0
DA:1778,0
DA:1779,0
DA:1781,0
BRDA:1781,0,0,-
BRDA:1781,0,1,-
DA:1783,0
DA:1786,0
BRDA:1786,0,0,-
BRDA:1786,0,1,-
DA:1788,0
DA:1792,0
BRDA:1792,0,0,-
BRDA:1792,0,1,-
DA:1793,0
DA:1794,0
BRDA:1794,0,0,-
BRDA:1794,0,1,-
DA:1796,0
DA:1799,0
DA:1800,0
DA:1801,0
BRDA:1801,0,0,-
BRDA:1801,0,1,-
DA:1803,0
DA:1805,0
DA:1807,0
BRDA:1807,0,0,-
BRDA:1807,0,1,-
DA:1809,0
BRDA:1809,0,0,-
BRDA:1809,0,1,-
DA:1812,0
DA:1813,0
BRDA:1813,0,0,-
BRDA:1813,0,1,-
DA:1815,0
DA:1817,0
BRDA:1817,0,0,-
BRDA:1817,0,1,-
DA:1819,0
DA:1821,0
DA:1825,0
BRDA:1825,0,0,-
BRDA:1825,0,1,-
DA:1827,0
DA:1829,0
DA:1831,0
BRDA:1831,0,0,-
BRDA:1831,0,1,-
DA:1832,0
DA:1833,0
BRDA:1833,0,0,-
BRDA:1833,0,1,-
DA:1835,0
DA:1837,0
DA:1838,0
BRDA:1838,0,0,-
BRDA:1838,0,1,-
DA:1840,0
DA:1842,0
DA:1845,0
BRDA:1845,0,0,-
BRDA:1845,0,1,-
DA:1847,0
DA:1849,0
DA:1852,0
BRDA:1852,0,0,-
BRDA:1852,0,1,-
BRDA:1852,0,2,-
BRDA:1852,0,3,-
DA:1853,0
DA:1854,0
BRDA:1854,0,0,-
BRDA:1854,0,1,-
DA:1856,0
DA:1858,0
BRDA:1858,0,0,-
BRDA:1858,0,1,-
DA:1860,0
DA:1863,0
BRDA:1863,0,0,-
BRDA:1863,0,1,-
DA:1865,0
DA:1867,0
DA:1868,0
DA:1870,0
DA:1873,0
BRDA:1873,0,0,-
BRDA:1873,0,1,-
DA:1874,0
BRDA:1874,0,0,-
BRDA:1874,0,1,-
DA:1876,0
DA:1878,0
BRDA:1878,0,0,-
BRDA:1878,0,1,-
DA:1881,0
BRDA:1881,0,0,-
BRDA:1881,0,1,-
DA:1883,0
DA:1886,0
DA:1887,0
DA:1888,0
DA:1890,0
DA:1894,0
DA:1896,0
DA:1897,0
DA:1899,0
BRDA:1899,0,0,-
BRDA:1899,0,1,-
DA:1901,0
DA:1904,0
DA:1906,0
BRDA:1906,0,0,-
BRDA:1906,0,1,-
DA:1908,0
DA:1909,0
DA:1914,0
DA:1917,0
DA:1919,0
DA:1921,0
BRDA:1921,0,0,-
BRDA:1921,0,1,-
DA:1923,0
DA:1926,0
DA:1927,0
BRDA:1927,0,0,-
BRDA:1927,0,1,-
BRDA:1927,0,2,-
BRDA:1927,0,3,-
DA:1929,0
DA:1930,0
DA:1933,0
DA:1936,0
DA:1938,0
BRDA:1938,0,0,-
BRDA:1938,0,1,-
DA:1940,0
DA:1943,0
DA:1946,10
DA:1948,10
DA:1950,10
BRDA:1950,0,0,10
BRDA:1950,0,1,0
BRDA:1950,0,2,0
BRDA:1950,0,3,10
DA:1952,0
DA:1955,10
DA:1956,10
BRDA:1956,0,0,10
BRDA:1956,0,1,0
DA:1958,11
BRDA:1958,0,0,11
BRDA:1958,0,1,0
BRDA:1958,0,2,11
BRDA:1958,0,3,0
BRDA:1958,0,4,1
BRDA:1958,0,5,10
DA:1960,1
DA:1965,0
BRDA:1965,0,0,-
BRDA:1965,0,1,-
BRDA:1965,0,2,-
BRDA:1965,0,3,-
DA:1967,0
DA:1971,10
BRDA:1971,0,0,10
BRDA:1971,0,1,0
BRDA:1971,0,2,0
BRDA:1971,0,3,10
DA:1972,0
DA:1975,10
DA:1978,0
DA:1980,0
DA:1983,10
DA:1985,10
DA:1988,0
DA:1990,0
DA:1994,1
DA:1996,1
DA:1997,1
DA:1998,1
DA:2001,0
DA:2003,0
DA:2004,0
BRDA:2004,0,0,-
BRDA:2004,0,1,-
DA:2006,0
DA:2009,0
DA:2010,0
BRDA:2010,0,0,-
BRDA:2010,0,1,-
DA:2012,0
DA:2015,0
DA:2016,0
DA:2017,0
DA:2018,0
DA:2019,0
DA:2022,10
DA:2024,10
DA:2026,10
BRDA:2026,0,0,10
BRDA:2026,0,1,0
BRDA:2026,0,2,10
BRDA:2026,0,3,0
BRDA:2026,0,4,0
BRDA:2026,0,5,10
DA:2028,0
DA:2031,10
DA:2035,10
BRDA:2035,0,0,9
BRDA:2035,0,1,1
DA:2038,9
DA:2039,9
DA:2040,9
DA:2045,1
BRDA:2045,0,0,1
BRDA:2045,0,1,0
DA:2047,1
DA:2048,1
DA:2052,10
DA:2056,0
DA:2058,0
DA:2068,0
DA:2070,0
DA:2077,37
DA:2079,37
DA:2080,37
DA:2082,37
BRDA:2082,0,0,28
BRDA:2082,0,1,9
BRDA:2082,0,2,19
BRDA:2082,0,3,9
BRDA:2082,0,4,10
BRDA:2082,0,5,9
BRDA:2082,0,6,0
BRDA:2082,0,7,10
DA:2084,27
DA:2087,10
BRDA:2087,0,0,0
BRDA:2087,0,1,10
DA:2089,0
DA:2090,0
DA:2094,10
DA:2095,10
BRDA:2095,0,0,0
BRDA:2095,0,1,10
DA:2097,0
DA:2100,10
DA:2103,10
BRDA:2103,0,0,10
BRDA:2103,0,1,0
BRDA:2103,0,2,0
BRDA:2103,0,3,10
DA:2105,0
DA:2108,10
DA:2109,10
DA:2111,10
DA:2114,0
DA:2116,0
DA:2120,0
DA:2122,0
DA:2125,0
DA:2127,0
BRDA:2127,0,0,-
BRDA:2127,0,1,-
DA:2129,0
DA:2132,0
DA:2135,0
DA:2137,0
BRDA:2137,0,0,-
BRDA:2137,0,1,-
BRDA:2137,0,2,-
BRDA:2137,0,3,-
DA:2139,0
DA:2142,0
DA:2145,4
DA:2147,4
DA:2148,4
BRDA:2148,0,0,1
BRDA:2148,0,1,3
DA:2150,1
DA:2153,3
DA:2154,3
DA:2157,4
DA:2159,4
DA:2160,4
BRDA:2160,0,0,1
BRDA:2160,0,1,3
DA:2162,1
DA:2165,3
DA:2166,3
DA:2169,4
DA:2171,4
DA:2172,4
BRDA:2172,0,0,1
BRDA:2172,0,1,3
DA:2174,1
DA:2177,3
DA:2178,3
DA:2181,5
DA:2183,5
DA:2184,5
BRDA:2184,0,0,2
BRDA:2184,0,1,3
DA:2186,2
DA:2189,3
DA:2190,3
DA:2193,4
DA:2195,4
DA:2196,4
BRDA:2196,0,0,1
BRDA:2196,0,1,3
DA:2198,1
DA:2201,3
DA:2202,3
DA:2205,4
DA:2207,4
DA:2208,4
BRDA:2208,0,0,1
BRDA:2208,0,1,3
DA:2210,1
DA:2213,3
DA:2214,3
DA:2217,4
DA:2219,4
DA:2220,4
BRDA:2220,0,0,1
BRDA:2220,0,1,3
DA:2222,1
DA:2225,3
DA:2226,3
DA:2229,4
DA:2231,4
DA:2232,4
BRDA:2232,0,0,1
BRDA:2232,0,1,3
DA:2234,1
DA:2237,3
DA:2238,3
DA:2241,4
DA:2243,4
DA:2244,4
BRDA:2244,0,0,1
BRDA:2244,0,1,3
DA:2246,1
DA:2249,3
DA:2250,3
DA:2253,0
DA:2255,0
BRDA:2255,0,0,-
BRDA:2255,0,1,-
BRDA:2255,0,2,-
BRDA:2255,0,3,-
BRDA:2255,0,4,-
BRDA:2255,0,5,-
BRDA:2255,0,6,-
BRDA:2255,0,7,-
DA:2257,0
DA:2260,0
BRDA:2260,0,0,-
BRDA:2260,0,1,-
DA:2263,0
DA:2265,0
BRDA:2265,0,0,-
BRDA:2265,0,1,-
DA:2268,0
DA:2271,0
BRDA:2271,0,0,-
BRDA:2271,0,1,-
DA:2274,0
DA:2276,0
BRDA:2276,0,0,-
BRDA:2276,0,1,-
DA:2279,0
DA:2283,0
DA:2284,0
DA:2286,0
DA:2289,0
DA:2291,0
BRDA:2291,0,0,-
BRDA:2291,0,1,-
DA:2293,0
DA:2296,0
DA:2299,0
DA:2301,0
DA:2302,0
DA:2304,0
DA:2306,0
DA:2308,0
DA:2311,0
DA:2313,0
DA:2315,0
DA:2318,0
DA:2320,0
DA:2321,0
DA:2323,0
DA:2325,0
DA:2326,0
DA:2329,0
DA:2331,0
DA:2333,0
BRDA:2333,0,0,-
BRDA:2333,0,1,-
BRDA:2333,0,2,-
BRDA:2333,0,3,-
DA:2335,0
DA:2338,0
DA:2339,0
BRDA:2339,0,0,-
BRDA:2339,0,1,-
DA:2341,0
DA:2344,0
BRDA:2344,0,0,-
BRDA:2344,0,1,-
BRDA:2344,0,2,-
BRDA:2344,0,3,-
DA:2346,0
DA:2349,0
DA:2350,0
DA:2351,0
DA:2352,0
BRDA:2352,0,0,-
BRDA:2352,0,1,-
DA:2354,0
DA:2358,0
DA:2360,0
DA:2363,0
DA:2365,0
BRDA:2365,0,0,-
BRDA:2365,0,1,-
BRDA:2365,0,2,-
BRDA:2365,0,3,-
BRDA:2365,0,4,-
BRDA:2365,0,5,-
BRDA:2365,0,6,-
BRDA:2365,0,7,-
DA:2367,0
DA:2370,0
BRDA:2370,0,0,-
BRDA:2370,0,1,-
DA:2372,0
DA:2375,0
DA:2376,0
DA:2378,0
BRDA:2378,0,0,-
BRDA:2378,0,1,-
DA:2380,0
DA:2382,0
BRDA:2382,0,0,-
BRDA:2382,0,1,-
DA:2384,0
BRDA:2384,0,0,-
BRDA:2384,0,1,-
DA:2386,0
DA:2388,0
DA:2395,0
BRDA:2395,0,0,-
BRDA:2395,0,1,-
DA:2397,0
DA:2399,0
BRDA:2399,0,0,-
BRDA:2399,0,1,-
DA:2401,0
DA:2405,0
DA:2406,0
DA:2407,0
DA:2409,0
DA:2412,0
DA:2414,0
BRDA:2414,0,0,-
BRDA:2414,0,1,-
DA:2416,0
DA:2419,0
DA:2422,0
DA:2424,0
BRDA:2424,0,0,-
BRDA:2424,0,1,-
BRDA:2424,0,2,-
BRDA:2424,0,3,-
DA:2426,0
DA:2430,0
BRDA:2430,0,0,-
BRDA:2430,0,1,-
BRDA:2430,0,2,-
BRDA:2430,0,3,-
DA:2432,0
DA:2434,0
DA:2435,0
BRDA:2435,0,0,-
BRDA:2435,0,1,-
DA:2437,0
DA:2440,0
DA:2442,0
DA:2445,0
DA:2447,0
DA:2450,0
DA:2452,0
DA:2456,4
DA:2458,4
DA:2459,4
BRDA:2459,0,0,3
BRDA:2459,0,1,1
DA:2461,3
DA:2464,4
DA:2467,4
DA:2469,4
DA:2470,4
BRDA:2470,0,0,3
BRDA:2470,0,1,1
DA:2472,3
DA:2475,4
DA:2478,4
DA:2480,4
DA:2481,4
BRDA:2481,0,0,3
BRDA:2481,0,1,1
DA:2483,3
DA:2486,4
DA:2489,5
DA:2491,5
DA:2492,5
BRDA:2492,0,0,4
BRDA:2492,0,1,1
DA:2494,4
BRDA:2494,0,0,1
BRDA:2494,0,1,3
DA:2497,5
DA:2500,4
DA:2502,4
DA:2503,4
BRDA:2503,0,0,3
BRDA:2503,0,1,1
DA:2505,3
DA:2506,3
DA:2509,3
BRDA:2509,0,0,0
BRDA:2509,0,1,3
DA:2511,0
DA:2513,3
BRDA:2513,0,0,0
BRDA:2513,0,1,3
DA:2515,0
DA:2519,3
DA:2523,4
DA:2526,4
DA:2528,4
DA:2529,4
BRDA:2529,0,0,3
BRDA:2529,0,1,1
DA:2531,3
DA:2532,3
DA:2533,3
BRDA:2533,0,0,0
BRDA:2533,0,1,3
DA:2535,0
DA:2536,0
DA:2540,4
DA:2543,0
DA:2545,0
DA:2546,0
BRDA:2546,0,0,-
BRDA:2546,0,1,-
DA:2548,0
DA:2549,0
DA:2552,0
DA:2555,0
DA:2557,0
DA:2558,0
BRDA:2558,0,0,-
BRDA:2558,0,1,-
DA:2559,0
DA:2560,0
DA:2563,0
DA:2566,0
DA:2567,0
DA:2568,0
BRDA:2568,0,0,-
BRDA:2568,0,1,-
DA:2569,0
DA:2570,0
DA:2573,0
DA:2576,4
DA:2578,4
DA:2579,4
BRDA:2579,0,0,3
BRDA:2579,0,1,1
DA:2581,3
DA:2582,3
DA:2583,3
BRDA:2583,0,0,0
BRDA:2583,0,1,3
DA:2585,0
DA:2586,0
DA:2590,4
DA:2593,8
DA:2595,8
DA:2596,8
BRDA:2596,0,0,3
BRDA:2596,0,1,5
DA:2598,3
DA:2601,8
DA:2604,31
DA:2606,31
DA:2607,31
BRDA:2607,0,0,30
BRDA:2607,0,1,1
DA:2609,30
DA:2612,31
DA:2616,1
DA:2618,1
DA:2619,1
DA:2620,1
DA:2621,1
DA:2623,1
BRDA:2623,0,0,1
BRDA:2623,0,1,0
BRDA:2623,0,2,0
BRDA:2623,0,3,1
DA:2625,0
DA:2628,1
DA:2630,1
BRDA:2630,0,0,0
BRDA:2630,0,1,1
BRDA:2630,0,2,0
BRDA:2630,0,3,0
DA:2632,0
DA:2633,0
BRDA:2633,0,0,-
BRDA:2633,0,1,-
DA:2635,0
DA:2636,0
DA:2638,0
BRDA:2638,0,0,-
BRDA:2638,0,1,-
DA:2640,0
DA:2644,0
DA:2646,0
DA:2649,1
BRDA:2649,0,0,0
BRDA:2649,0,1,1
BRDA:2649,0,2,0
BRDA:2649,0,3,0
DA:2650,0
DA:2653,1
DA:2656,1
DA:2658,1
DA:2659,1
DA:2660,1
DA:2661,1
DA:2663,1
BRDA:2663,0,0,1
BRDA:2663,0,1,0
BRDA:2663,0,2,0
BRDA:2663,0,3,1
DA:2665,0
DA:2668,1
DA:2670,1
BRDA:2670,0,0,0
BRDA:2670,0,1,1
BRDA:2670,0,2,0
BRDA:2670,0,3,0
DA:2672,0
DA:2673,0
BRDA:2673,0,0,-
BRDA:2673,0,1,-
DA:2675,0
DA:2676,0
DA:2678,0
BRDA:2678,0,0,-
BRDA:2678,0,1,-
DA:2680,0
DA:2684,0
DA:2686,0
DA:2689,1
BRDA:2689,0,0,0
BRDA:2689,0,1,1
BRDA:2689,0,2,0
BRDA:2689,0,3,0
DA:2690,0
DA:2693,1
DA:2696,1
DA:2698,1
DA:2699,1
DA:2700,1
DA:2701,1
DA:2703,1
BRDA:2703,0,0,1
BRDA:2703,0,1,0
BRDA:2703,0,2,0
BRDA:2703,0,3,1
DA:2705,0
DA:2708,1
DA:2710,1
BRDA:2710,0,0,0
BRDA:2710,0,1,1
BRDA:2710,0,2,0
BRDA:2710,0,3,0
DA:2712,0
DA:2713,0
BRDA:2713,0,0,-
BRDA:2713,0,1,-
DA:2715,0
DA:2716,0
DA:2718,0
BRDA:2718,0,0,-
BRDA:2718,0,1,-
DA:2720,0
DA:2724,0
DA:2726,0
DA:2729,1
BRDA:2729,0,0,0
BRDA:2729,0,1,1
BRDA:2729,0,2,0
BRDA:2729,0,3,0
DA:2730,0
DA:2733,1
DA:2736,1
DA:2738,1
DA:2739,1
DA:2740,1
DA:2741,1
DA:2743,1
BRDA:2743,0,0,1
BRDA:2743,0,1,0
BRDA:2743,0,2,0
BRDA:2743,0,3,1
DA:2745,0
DA:2748,1
DA:2750,1
BRDA:2750,0,0,0
BRDA:2750,0,1,1
BRDA:2750,0,2,0
BRDA:2750,0,3,0
DA:2752,0
DA:2753,0
BRDA:2753,0,0,-
BRDA:2753,0,1,-
DA:2755,0
DA:2756,0
DA:2758,0
BRDA:2758,0,0,-
BRDA:2758,0,1,-
DA:2760,0
DA:2764,0
DA:2766,0
DA:2769,1
BRDA:2769,0,0,0
BRDA:2769,0,1,1
BRDA:2769,0,2,0
BRDA:2769,0,3,0
DA:2770,0
DA:2773,1
DA:2779,0
DA:2781,0
DA:2784,0
DA:2786,0
DA:2787,0
DA:2788,0
DA:2789,0
DA:2792,0
BRDA:2792,0,0,-
BRDA:2792,0,1,-
DA:2794,0
DA:2797,0
DA:2798,0
BRDA:2798,0,0,-
BRDA:2798,0,1,-
DA:2800,0
DA:2803,0
DA:2804,0
DA:2805,0
DA:2806,0
BRDA:2806,0,0,-
BRDA:2806,0,1,-
DA:2808,0
DA:2809,0
BRDA:2809,0,0,-
BRDA:2809,0,1,-
DA:2811,0
DA:2814,0
BRDA:2814,0,0,-
BRDA:2814,0,1,-
DA:2816,0
BRDA:2816,0,0,-
BRDA:2816,0,1,-
DA:2817,0
BRDA:2817,0,0,-
BRDA:2817,0,1,-
DA:2819,0
DA:2823,0
BRDA:2823,0,0,-
BRDA:2823,0,1,-
DA:2825,0
DA:2828,0
DA:2829,0
BRDA:2829,0,0,-
BRDA:2829,0,1,-
DA:2831,0
BRDA:2831,0,0,-
BRDA:2831,0,1,-
DA:2832,0
DA:2834,0
DA:2835,0
BRDA:2835,0,0,-
BRDA:2835,0,1,-
DA:2837,0
DA:2839,0
BRDA:2839,0,0,-
BRDA:2839,0,1,-
DA:2842,0
DA:2843,0
DA:2844,0
DA:2849,0
DA:2850,0
DA:2852,0
DA:2854,0
BRDA:2854,0,0,-
BRDA:2854,0,1,-
BRDA:2854,0,2,-
BRDA:2854,0,3,-
DA:2856,0
DA:2859,0
DA:2861,0
DA:2862,0
BRDA:2862,0,0,-
BRDA:2862,0,1,-
DA:2864,0
DA:2867,0
DA:2870,0
DA:2872,0
DA:2874,0
BRDA:2874,0,0,-
BRDA:2874,0,1,-
DA:2876,0
BRDA:2876,0,0,-
BRDA:2876,0,1,-
DA:2877,0
DA:2878,0
DA:2883,0
DA:2885,0
DA:2887,0
BRDA:2887,0,0,-
BRDA:2887,0,1,-
DA:2889,0
BRDA:2889,0,0,-
BRDA:2889,0,1,-
BRDA:2889,0,2,-
BRDA:2889,0,3,-
DA:2891,0
DA:2892,0
DA:2897,0
DA:2898,0
DA:2899,0
DA:2900,0
DA:2903,0
BRDA:2903,0,0,-
BRDA:2903,0,1,-
DA:2904,0
DA:2906,0
BRDA:2906,0,0,-
BRDA:2906,0,1,-
DA:2907,0
DA:2908,0
DA:2909,0
DA:2910,0
DA:2911,0
BRDA:2911,0,0,-
BRDA:2911,0,1,-
BRDA:2911,0,2,-
BRDA:2911,0,3,-
DA:2912,0
DA:2913,0
DA:2914,0
DA:2919,0
DA:2921,0
DA:2923,0
BRDA:2923,0,0,-
BRDA:2923,0,1,-
DA:2925,0
DA:2928,0
BRDA:2928,0,0,-
BRDA:2928,0,1,-
DA:2930,0
BRDA:2930,0,0,-
BRDA:2930,0,1,-
BRDA:2930,0,2,-
BRDA:2930,0,3,-
DA:2932,0
DA:2936,0
DA:2937,0
DA:2939,0
DA:2940,0
BRDA:2940,0,0,-
BRDA:2940,0,1,-
DA:2942,0
DA:2944,0
BRDA:2944,0,0,-
BRDA:2944,0,1,-
DA:2946,0
DA:2948,0
DA:2950,0
DA:2952,0
DA:2953,0
DA:2954,0
DA:2956,0
DA:2957,0
DA:2958,0
DA:2959,0
DA:2964,0
DA:2967,0
DA:2969,0
BRDA:2969,0,0,-
BRDA:2969,0,1,-
DA:2971,0
DA:2974,0
DA:2977,0
DA:2979,0
BRDA:2979,0,0,-
BRDA:2979,0,1,-
DA:2981,0
DA:2984,0
DA:2987,0
DA:2989,0
BRDA:2989,0,0,-
BRDA:2989,0,1,-
DA:2991,0
DA:2994,0
DA:2998,0
DA:3000,0
BRDA:3000,0,0,-
BRDA:3000,0,1,-
DA:3002,0
DA:3005,0
DA:3007,0
DA:3009,0
BRDA:3009,0,0,-
BRDA:3009,0,1,-
DA:3011,0
DA:3014,0
DA:3017,0
DA:3019,0
BRDA:3019,0,0,-
BRDA:3019,0,1,-
DA:3021,0
DA:3024,0
DA:3027,0
DA:3029,0
BRDA:3029,0,0,-
BRDA:3029,0,1,-
DA:3031,0
DA:3034,0
DA:3037,0
DA:3039,0
BRDA:3039,0,0,-
BRDA:3039,0,1,-
DA:3041,0
DA:3044,0
DA:3047,0
DA:3049,0
BRDA:3049,0,0,-
BRDA:3049,0,1,-
DA:3051,0
DA:3054,0
DA:3057,0
DA:3059,0
BRDA:3059,0,0,-
BRDA:3059,0,1,-
DA:3061,0
DA:3064,0
DA:3067,0
DA:3069,0
BRDA:3069,0,0,-
BRDA:3069,0,1,-
BRDA:3069,0,2,-
BRDA:3069,0,3,-
BRDA:3069,0,4,-
BRDA:3069,0,5,-
DA:3071,0
DA:3075,0
BRDA:3075,0,0,-
BRDA:3075,0,1,-
DA:3077,0
DA:3085,0
DA:3087,0
DA:3088,0
DA:3092,0
BRDA:3092,0,0,-
BRDA:3092,0,1,-
DA:3094,0
DA:3097,0
BRDA:3097,0,0,-
BRDA:3097,0,1,-
BRDA:3097,0,2,-
BRDA:3097,0,3,-
BRDA:3097,0,4,-
BRDA:3097,0,5,-
DA:3100,0
DA:3103,0
DA:3105,0
DA:3106,0
BRDA:3106,0,0,-
BRDA:3106,0,1,-
DA:3108,0
DA:3110,0
DA:3112,0
DA:3114,0
BRDA:3114,0,0,-
BRDA:3114,0,1,-
BRDA:3114,0,2,-
BRDA:3114,0,3,-
DA:3116,0
DA:3118,0
BRDA:3118,0,0,-
BRDA:3118,0,1,-
DA:3120,0
DA:3123,0
DA:3125,0
DA:3127,0
DA:3128,0
DA:3130,0
BRDA:3130,0,0,-
BRDA:3130,0,1,-
BRDA:3130,0,2,-
BRDA:3130,0,3,-
DA:3132,0
BRDA:3132,0,0,-
BRDA:3132,0,1,-
DA:3134,0
DA:3137,0
DA:3138,0
DA:3142,0
BRDA:3142,0,0,-
BRDA:3142,0,1,-
DA:3143,0
DA:3146,0
DA:3149,0
DA:3151,0
DA:3152,0
DA:3153,0
BRDA:3153,0,0,-
BRDA:3153,0,1,-
BRDA:3153,0,2,-
BRDA:3153,0,3,-
DA:3156,0
DA:3157,0
BRDA:3157,0,0,-
BRDA:3157,0,1,-
DA:3159,0
DA:3162,0
BRDA:3162,0,0,-
BRDA:3162,0,1,-
DA:3164,0
DA:3170,0
BRDA:3170,0,0,-
BRDA:3170,0,1,-
BRDA:3170,0,2,-
BRDA:3170,0,3,-
DA:3172,0
DA:3173,0
BRDA:3173,0,0,-
BRDA:3173,0,1,-
DA:3175,0
DA:3178,0
BRDA:3178,0,0,-
BRDA:3178,0,1,-
DA:3180,0
DA:3184,0
DA:3187,0
DA:3188,0
DA:3192,0
DA:3194,0
DA:3197,0
DA:3199,0
DA:3200,0
DA:3201,0
BRF:942
BRH:104
LF:1409
LH:230
end_of_record
SF:/d/Projects/sample repo/c/cJSON/C:/msys64/mingw64/include/stdlib.h
FN:373,strtod
FNDA:0,strtod
FNF:1
FNH:0
DA:373,0
DA:376,0
LF:2
LH:0
end_of_record
SF:/d/Projects/sample repo/c/cJSON/D:/Projects/sample repo/c/cJSON/tests/common.h
FN:29,reset
FNDA:0,reset
FN:47,read_file
FNDA:0,read_file
FNF:2
FNH:0
DA:29,0
DA:30,0
BRDA:30,0,0,-
BRDA:30,0,1,-
BRDA:30,0,2,-
BRDA:30,0,3,-
DA:32,0
DA:34,0
BRDA:34,0,0,-
BRDA:34,0,1,-
BRDA:34,0,2,-
BRDA:34,0,3,-
DA:36,0
DA:38,0
BRDA:38,0,0,-
BRDA:38,0,1,-
BRDA:38,0,2,-
BRDA:38,0,3,-
DA:40,0
DA:43,0
DA:44,0
DA:47,0
DA:48,0
DA:49,0
DA:50,0
DA:51,0
DA:54,0
DA:55,0
BRDA:55,0,0,-
BRDA:55,0,1,-
DA:57,0
DA:61,0
BRDA:61,0,0,-
BRDA:61,0,1,-
DA:63,0
DA:65,0
DA:66,0
BRDA:66,0,0,-
BRDA:66,0,1,-
DA:68,0
DA:70,0
BRDA:70,0,0,-
BRDA:70,0,1,-
DA:72,0
DA:76,0
DA:77,0
BRDA:77,0,0,-
BRDA:77,0,1,-
DA:79,0
DA:83,0
DA:84,0
BRDA:84,0,0,-
BRDA:84,0,1,-
DA:86,0
DA:87,0
DA:88,0
DA:90,0
DA:93,0
DA:94,0
BRDA:94,0,0,-
BRDA:94,0,1,-
DA:96,0
DA:99,0
BRF:26
BRH:0
LF:37
LH:0
end_of_record
TN:
SF:/d/Projects/sample repo/c/cJSON/D:/Projects/sample repo/c/cJSON/tests/common.h
FN:29,reset
FNDA:0,reset
FN:47,read_file
FNDA:0,read_file
[...]
BRDA:2829,0,0,-
BRDA:2829,0,1,-
DA:2831,0
BRDA:2831,0,0,-
BRDA:2831,0,1,-
DA:2832,0
DA:2834,0
DA:2835,0
BRDA:2835,0,0,-
BRDA:2835,0,1,-
DA:2837,0
DA:2839,0
BRDA:2839,0,0,-
BRDA:2839,0,1,-
DA:2842,0
DA:2843,0
DA:2844,0
DA:2849,0
DA:2850,0
DA:2852,0
DA:2854,0
BRDA:2854,0,0,-
BRDA:2854,0,1,-
BRDA:2854,0,2,-
BRDA:2854,0,3,-
DA:2856,0
DA:2859,0
DA:2861,0
DA:2862,0
BRDA:2862,0,0,-
BRDA:2862,0,1,-
DA:2864,0
DA:2867,0
DA:2870,0
DA:2872,0
DA:2874,0
BRDA:2874,0,0,-
BRDA:2874,0,1,-
DA:2876,0
BRDA:2876,0,0,-
BRDA:2876,0,1,-
DA:2877,0
DA:2878,0
DA:2883,0
DA:2885,0
DA:2887,0
BRDA:2887,0,0,-
BRDA:2887,0,1,-
DA:2889,0
BRDA:2889,0,0,-
BRDA:2889,0,1,-
BRDA:2889,0,2,-
BRDA:2889,0,3,-
DA:2891,0
DA:2892,0
DA:2897,0
DA:2898,0
DA:2899,0
DA:2900,0
DA:2903,0
BRDA:2903,0,0,-
BRDA:2903,0,1,-
DA:2904,0
DA:2906,0
BRDA:2906,0,0,-
BRDA:2906,0,1,-
DA:2907,0
DA:2908,0
DA:2909,0
DA:2910,0
DA:2911,0
BRDA:2911,0,0,-
BRDA:2911,0,1,-
BRDA:2911,0,2,-
BRDA:2911,0,3,-
DA:2912,0
DA:2913,0
DA:2914,0
DA:2919,0
DA:2921,0
DA:2923,0
BRDA:2923,0,0,-
BRDA:2923,0,1,-
DA:2925,0
DA:2928,0
BRDA:2928,0,0,-
BRDA:2928,0,1,-
DA:2930,0
BRDA:2930,0,0,-
BRDA:2930,0,1,-
BRDA:2930,0,2,-
BRDA:2930,0,3,-
DA:2932,0
DA:2936,0
DA:2937,0
DA:2939,0
DA:2940,0
BRDA:2940,0,0,-
BRDA:2940,0,1,-
DA:2942,0
DA:2944,0
BRDA:2944,0,0,-
BRDA:2944,0,1,-
DA:2946,0
DA:2948,0
DA:2950,0
DA:2952,0
DA:2953,0
DA:2954,0
DA:2956,0
DA:2957,0
DA:2958,0
DA:2959,0
DA:2964,0
DA:2967,0
DA:2969,0
BRDA:2969,0,0,-
BRDA:2969,0,1,-
DA:2971,0
DA:2974,0
DA:2977,0
DA:2979,0
BRDA:2979,0,0,-
BRDA:2979,0,1,-
DA:2981,0
DA:2984,0
DA:2987,0
DA:2989,0
BRDA:2989,0,0,-
BRDA:2989,0,1,-
DA:2991,0
DA:2994,0
DA:2998,0
DA:3000,0
BRDA:3000,0,0,-
BRDA:3000,0,1,-
DA:3002,0
DA:3005,0
DA:3007,0
DA:3009,0
BRDA:3009,0,0,-
BRDA:3009,0,1,-
DA:3011,0
DA:3014,0
DA:3017,6
DA:3019,6
BRDA:3019,0,0,0
BRDA:3019,0,1,6
DA:3021,0
DA:3024,6
DA:3027,2
DA:3029,2
BRDA:3029,0,0,0
BRDA:3029,0,1,2
DA:3031,0
DA:3034,2
DA:3037,0
DA:3039,0
BRDA:3039,0,0,-
BRDA:3039,0,1,-
DA:3041,0
DA:3044,0
DA:3047,0
DA:3049,0
BRDA:3049,0,0,-
BRDA:3049,0,1,-
DA:3051,0
DA:3054,0
DA:3057,0
DA:3059,0
BRDA:3059,0,0,-
BRDA:3059,0,1,-
DA:3061,0
DA:3064,0
DA:3067,0
DA:3069,0
BRDA:3069,0,0,-
BRDA:3069,0,1,-
BRDA:3069,0,2,-
BRDA:3069,0,3,-
BRDA:3069,0,4,-
BRDA:3069,0,5,-
DA:3071,0
DA:3075,0
BRDA:3075,0,0,-
BRDA:3075,0,1,-
DA:3077,0
DA:3085,0
DA:3087,0
DA:3088,0
DA:3092,0
BRDA:3092,0,0,-
BRDA:3092,0,1,-
DA:3094,0
DA:3097,0
BRDA:3097,0,0,-
BRDA:3097,0,1,-
BRDA:3097,0,2,-
BRDA:3097,0,3,-
BRDA:3097,0,4,-
BRDA:3097,0,5,-
DA:3100,0
DA:3103,0
DA:3105,0
DA:3106,0
BRDA:3106,0,0,-
BRDA:3106,0,1,-
DA:3108,0
DA:3110,0
DA:3112,0
DA:3114,0
BRDA:3114,0,0,-
BRDA:3114,0,1,-
BRDA:3114,0,2,-
BRDA:3114,0,3,-
DA:3116,0
DA:3118,0
BRDA:3118,0,0,-
BRDA:3118,0,1,-
DA:3120,0
DA:3123,0
DA:3125,0
DA:3127,0
DA:3128,0
DA:3130,0
BRDA:3130,0,0,-
BRDA:3130,0,1,-
BRDA:3130,0,2,-
BRDA:3130,0,3,-
DA:3132,0
BRDA:3132,0,0,-
BRDA:3132,0,1,-
DA:3134,0
DA:3137,0
DA:3138,0
DA:3142,0
BRDA:3142,0,0,-
BRDA:3142,0,1,-
DA:3143,0
DA:3146,0
DA:3149,0
DA:3151,0
DA:3152,0
DA:3153,0
BRDA:3153,0,0,-
BRDA:3153,0,1,-
BRDA:3153,0,2,-
BRDA:3153,0,3,-
DA:3156,0
DA:3157,0
BRDA:3157,0,0,-
BRDA:3157,0,1,-
DA:3159,0
DA:3162,0
BRDA:3162,0,0,-
BRDA:3162,0,1,-
DA:3164,0
DA:3170,0
BRDA:3170,0,0,-
BRDA:3170,0,1,-
BRDA:3170,0,2,-
BRDA:3170,0,3,-
DA:3172,0
DA:3173,0
BRDA:3173,0,0,-
BRDA:3173,0,1,-
DA:3175,0
DA:3178,0
BRDA:3178,0,0,-
BRDA:3178,0,1,-
DA:3180,0
DA:3184,0
DA:3187,0
DA:3188,0
DA:3192,0
DA:3194,0
DA:3197,0
DA:3199,0
DA:3200,0
DA:3201,0
BRF:942
BRH:244
LF:1409
LH:464
end_of_record
SF:/d/Projects/sample repo/c/cJSON/D:/Projects/sample repo/c/cJSON/tests/common.h
FN:29,reset
FNDA:0,reset
FN:47,read_file
FNDA:0,read_file
FNF:2
FNH:0
DA:29,0
DA:30,0
BRDA:30,0,0,-
BRDA:30,0,1,-
BRDA:30,0,2,-
BRDA:30,0,3,-
DA:32,0
DA:34,0
BRDA:34,0,0,-
BRDA:34,0,1,-
BRDA:34,0,2,-
BRDA:34,0,3,-
DA:36,0
DA:38,0
BRDA:38,0,0,-
BRDA:38,0,1,-
BRDA:38,0,2,-
BRDA:38,0,3,-
DA:40,0
DA:43,0
DA:44,0
DA:47,0
DA:48,0
DA:49,0
DA:50,0
DA:51,0
DA:54,0
DA:55,0
BRDA:55,0,0,-
BRDA:55,0,1,-
DA:57,0
DA:61,0
BRDA:61,0,0,-
BRDA:61,0,1,-
DA:63,0
DA:65,0
DA:66,0
BRDA:66,0,0,-
BRDA:66,0,1,-
DA:68,0
DA:70,0
BRDA:70,0,0,-
BRDA:70,0,1,-
DA:72,0
DA:76,0
DA:77,0
BRDA:77,0,0,-
BRDA:77,0,1,-
DA:79,0
DA:83,0
DA:84,0
BRDA:84,0,0,-
BRDA:84,0,1,-
DA:86,0
DA:87,0
DA:88,0
DA:90,0
DA:93,0
DA:94,0
BRDA:94,0,0,-
BRDA:94,0,1,-
DA:96,0
DA:99,0
BRF:26
BRH:0
LF:37
LH:0
end_of_record
TN:
SF:/d/Projects/sample repo/c/cJSON/D:/Projects/sample repo/c/cJSON/tests/unity/src/unity.h
FN:39,setUp
FNDA:153,setUp
FN:40,tearDown
FNDA:153,tearDown
FN:41,suiteSetUp
FNDA:0,suiteSetUp
FN:42,suiteTearDown
FNDA:0,suiteTearDown
FNF:4
FNH:2
DA:39,153
DA:40,153
DA:41,0
DA:42,0
LF:4
LH:2
end_of_record
SF:/d/Projects/sample repo/c/cJSON/D:/Projects/sample repo/c/cJSON/tests/unity/src/unity.c
FN:70,UnityPrint
FNDA:549,UnityPrint
FN:119,UnityPrintLen
FNDA:0,UnityPrintLen
FN:157,UnityPrintNumberByStyle
FNDA:0,UnityPrintNumberByStyle
FN:176,UnityPrintNumber
FNDA:207,UnityPrintNumber
FN:191,UnityPrintNumberUnsigned
FNDA:207,UnityPrintNumberUnsigned
FN:210,UnityPrintNumberHex
FNDA:0,UnityPrintNumberHex
FN:233,UnityPrintMask
FNDA:0,UnityPrintMask
FN:266,UnityPrintFloat
FNDA:0,UnityPrintFloat
FN:357,UnityTestResultsBegin
FNDA:153,UnityTestResultsBegin
FN:368,UnityTestResultsFailBegin
FNDA:0,UnityTestResultsFailBegin
FN:376,UnityConcludeTest
FNDA:153,UnityConcludeTest
FN:399,UnityAddMsgIfSpecified
FNDA:0,UnityAddMsgIfSpecified
FN:422,UnityPrintExpectedAndActualStrings
FNDA:0,UnityPrintExpectedAndActualStrings
FN:449,UnityPrintExpectedAndActualStringsLen
FNDA:0,UnityPrintExpectedAndActualStringsLen
FN:481,UnityIsOneArrayNull
FNDA:0,UnityIsOneArrayNull
FN:513,UnityAssertBits
FNDA:209,UnityAssertBits
FN:534,UnityAssertEqualNumber
FNDA:262211,UnityAssertEqualNumber
FN:555,UnityAssertGreaterOrLessOrEqualNumber
FNDA:0,UnityAssertGreaterOrLessOrEqualNumber
FN:601,UnityAssertEqualIntArray
FNDA:0,UnityAssertEqualIntArray
FN:706,UnityFloatsWithin
FNDA:0,UnityFloatsWithin
FN:712,UnityAssertEqualFloatArray
FNDA:0,UnityAssertEqualFloatArray
FN:754,UnityAssertFloatsWithin
FNDA:0,UnityAssertFloatsWithin
FN:773,UnityAssertFloatSpecial
FNDA:0,UnityAssertFloatSpecial
FN:836,UnityDoublesWithin
FNDA:33,UnityDoublesWithin
FN:842,UnityAssertEqualDoubleArray
FNDA:0,UnityAssertEqualDoubleArray
FN:884,UnityAssertDoublesWithin
FNDA:33,UnityAssertDoublesWithin
FN:903,UnityAssertDoubleSpecial
FNDA:2,UnityAssertDoubleSpecial
FN:965,UnityAssertNumbersWithin
FNDA:0,UnityAssertNumbersWithin
FN:1004,UnityAssertEqualString
FNDA:107,UnityAssertEqualString
FN:1043,UnityAssertEqualStringLen
FNDA:0,UnityAssertEqualStringLen
FN:1083,UnityAssertEqualStringArray
FNDA:0,UnityAssertEqualStringArray
FN:1162,UnityAssertEqualMemory
FNDA:0,UnityAssertEqualMemory
FN:1237,UnityNumToPtr
FNDA:0,UnityNumToPtr
FN:1261,UnityFloatToPtr
FNDA:0,UnityFloatToPtr
FN:1269,UnityDoubleToPtr
FNDA:0,UnityDoubleToPtr
FN:1280,UnityFail
FNDA:0,UnityFail
FN:1314,UnityIgnore
FNDA:1,UnityIgnore
FN:1330,UnityDefaultTestRun
FNDA:153,UnityDefaultTestRun
FN:1349,UnityBegin
FNDA:18,UnityBegin
FN:1365,UnityEnd
FNDA:18,UnityEnd
FNF:40
FNH:15
DA:70,549
DA:72,549
DA:74,549
BRDA:74,0,0,549
BRDA:74,0,1,0
DA:76,16409
BRDA:76,0,0,15860
BRDA:76,0,1,549
DA:79,15860
BRDA:79,0,0,15860
BRDA:79,0,1,0
BRDA:79,0,2,15860
BRDA:79,0,3,0
DA:81,15860
DA:84,0
BRDA:84,0,0,-
BRDA:84,0,1,-
DA:86,0
DA:87,0
DA:90,0
BRDA:90,0,0,-
BRDA:90,0,1,-
DA:92,0
DA:93,0
DA:110,0
DA:111,0
DA:112,0
DA:114,15860
DA:117,549
DA:119,0
DA:121,0
DA:123,0
BRDA:123,0,0,-
BRDA:123,0,1,-
DA:125,0
BRDA:125,0,0,-
BRDA:125,0,1,-
BRDA:125,0,2,-
BRDA:125,0,3,-
DA:128,0
BRDA:128,0,0,-
BRDA:128,0,1,-
BRDA:128,0,2,-
BRDA:128,0,3,-
DA:130,0
DA:133,0
BRDA:133,0,0,-
BRDA:133,0,1,-
DA:135,0
DA:136,0
DA:139,0
BRDA:139,0,0,-
BRDA:139,0,1,-
DA:141,0
DA:142,0
DA:147,0
DA:148,0
DA:149,0
DA:151,0
DA:154,0
DA:157,0
DA:159,0
BRDA:159,0,0,-
BRDA:159,0,1,-
DA:161,0
DA:163,0
BRDA:163,0,0,-
BRDA:163,0,1,-
DA:165,0
DA:169,0
DA:170,0
DA:171,0
DA:173,0
DA:176,207
DA:178,207
DA:180,207
BRDA:180,0,0,0
BRDA:180,0,1,207
DA:183,0
DA:184,0
DA:186,207
DA:187,207
DA:191,207
DA:193,207
DA:196,504
BRDA:196,0,0,297
BRDA:196,0,1,207
DA:198,297
DA:204,504
DA:205,504
DA:206,504
BRDA:206,0,0,297
BRDA:206,0,1,207
DA:207,207
DA:210,0
DA:213,0
DA:214,0
BRDA:214,0,0,-
BRDA:214,0,1,-
DA:215,0
DA:217,0
BRDA:217,0,0,-
BRDA:217,0,1,-
DA:219,0
DA:220,0
DA:221,0
BRDA:221,0,0,-
BRDA:221,0,1,-
DA:223,0
DA:227,0
DA:230,0
DA:233,0
DA:235,0
DA:238,0
BRDA:238,0,0,-
BRDA:238,0,1,-
DA:240,0
BRDA:240,0,0,-
BRDA:240,0,1,-
DA:242,0
BRDA:242,0,0,-
BRDA:242,0,1,-
DA:244,0
DA:248,0
DA:253,0
DA:255,0
DA:257,0
DA:266,0
DA:268,0
DA:271,0
BRDA:271,0,0,-
BRDA:271,0,1,-
BRDA:271,0,2,-
BRDA:271,0,3,-
BRDA:271,0,4,-
BRDA:271,0,5,-
DA:273,0
DA:274,0
DA:278,0
BRDA:278,0,0,-
BRDA:278,0,1,-
DA:279,0
BRDA:279,0,0,-
BRDA:279,0,1,-
DA:280,0
BRDA:280,0,0,-
BRDA:280,0,1,-
DA:283,0
DA:289,0
BRDA:289,0,0,-
BRDA:289,0,1,-
DA:290,0
BRDA:290,0,0,-
BRDA:290,0,1,-
DA:291,0
BRDA:291,0,0,-
BRDA:291,0,1,-
DA:292,0
BRDA:292,0,0,-
BRDA:292,0,1,-
DA:295,0
DA:296,0
BRDA:296,0,0,-
BRDA:296,0,1,-
DA:298,0
DA:299,0
DA:303,0
BRDA:303,0,0,-
BRDA:303,0,1,-
BRDA:303,0,2,-
BRDA:303,0,3,-
DA:304,0
DA:307,0
BRDA:307,0,0,-
BRDA:307,0,1,-
BRDA:307,0,2,-
BRDA:307,0,3,-
DA:309,0
DA:310,0
DA:314,0
DA:315,0
BRDA:315,0,0,-
BRDA:315,0,1,-
BRDA:315,0,2,-
BRDA:315,0,3,-
DA:317,0
DA:318,0
DA:320,0
BRDA:320,0,0,-
BRDA:320,0,1,-
DA:322,0
BRDA:322,0,0,-
BRDA:322,0,1,-
DA:323,0
DA:327,0
BRDA:327,0,0,-
BRDA:327,0,1,-
DA:329,0
DA:331,0
BRDA:331,0,0,-
BRDA:331,0,1,-
DA:333,0
DA:334,0
DA:338,0
DA:341,0
DA:342,0
BRDA:342,0,0,-
BRDA:342,0,1,-
BRDA:342,0,2,-
BRDA:342,0,3,-
DA:344,0
DA:345,0
DA:347,0
BRDA:347,0,0,-
BRDA:347,0,1,-
DA:349,0
DA:353,0
DA:357,153
DA:359,153
DA:360,153
DA:361,153
DA:362,153
DA:363,153
DA:364,153
DA:365,153
DA:368,0
DA:370,0
DA:371,0
DA:372,0
DA:373,0
DA:376,153
DA:378,153
BRDA:378,0,0,1
BRDA:378,0,1,152
DA:380,1
DA:382,152
BRDA:382,0,0,152
BRDA:382,0,1,0
DA:384,152
DA:385,152
DA:389,0
DA:392,153
DA:393,153
DA:394,153
DA:396,153
DA:399,0
DA:401,0
BRDA:401,0,0,-
BRDA:401,0,1,-
DA:403,0
DA:405,0
BRDA:405,0,0,-
BRDA:405,0,1,-
DA:407,0
DA:408,0
DA:409,0
BRDA:409,0,0,-
BRDA:409,0,1,-
DA:411,0
DA:412,0
DA:414,0
DA:417,0
DA:419,0
DA:422,0
DA:424,0
DA:425,0
BRDA:425,0,0,-
BRDA:425,0,1,-
DA:427,0
DA:428,0
DA:429,0
DA:433,0
DA:435,0
DA:436,0
BRDA:436,0,0,-
BRDA:436,0,1,-
DA:438,0
DA:439,0
DA:440,0
DA:444,0
DA:446,0
DA:449,0
DA:453,0
DA:454,0
BRDA:454,0,0,-
BRDA:454,0,1,-
DA:456,0
DA:457,0
DA:458,0
DA:462,0
DA:464,0
DA:465,0
BRDA:465,0,0,-
BRDA:465,0,1,-
DA:467,0
DA:468,0
DA:469,0
DA:473,0
DA:475,0
DA:481,0
DA:486,0
BRDA:486,0,0,-
BRDA:486,0,1,-
DA:489,0
BRDA:489,0,0,-
BRDA:489,0,1,-
DA:491,0
DA:492,0
DA:493,0
DA:494,0
DA:498,0
BRDA:498,0,0,-
BRDA:498,0,1,-
DA:500,0
DA:501,0
DA:502,0
DA:503,0
DA:506,0
DA:513,209
DA:519,209
BRDA:519,0,0,209
BRDA:519,0,1,0
BRDA:519,0,2,0
BRDA:519,0,3,209
DA:521,209
BRDA:521,0,0,0
BRDA:521,0,1,209
DA:523,0
DA:524,0
DA:525,0
DA:526,0
DA:527,0
DA:528,0
DA:529,0
DA:534,262211
DA:540,262211
BRDA:540,0,0,262211
BRDA:540,0,1,0
BRDA:540,0,2,0
BRDA:540,0,3,262211
DA:542,262211
BRDA:542,0,0,0
BRDA:542,0,1,262211
DA:544,0
DA:545,0
DA:546,0
DA:547,0
DA:548,0
DA:549,0
DA:550,0
DA:555,0
DA:562,0
DA:563,0
BRDA:563,0,0,-
BRDA:563,0,1,-
BRDA:563,0,2,-
BRDA:563,0,3,-
DA:565,0
BRDA:565,0,0,-
BRDA:565,0,1,-
BRDA:565,0,2,-
BRDA:565,0,3,-
DA:566,0
BRDA:566,0,0,-
BRDA:566,0,1,-
DA:568,0
BRDA:568,0,0,-
BRDA:568,0,1,-
DA:570,0
BRDA:570,0,0,-
BRDA:570,0,1,-
BRDA:570,0,2,-
BRDA:570,0,3,-
DA:571,0
BRDA:571,0,0,-
BRDA:571,0,1,-
BRDA:571,0,2,-
BRDA:571,0,3,-
DA:575,0
BRDA:575,0,0,-
BRDA:575,0,1,-
BRDA:575,0,2,-
BRDA:575,0,3,-
DA:576,0
BRDA:576,0,0,-
BRDA:576,0,1,-
BRDA:576,0,2,-
BRDA:576,0,3,-
DA:579,0
BRDA:579,0,0,-
BRDA:579,0,1,-
DA:581,0
DA:582,0
DA:583,0
DA:584,0
BRDA:584,0,0,-
BRDA:584,0,1,-
DA:585,0
BRDA:585,0,0,-
BRDA:585,0,1,-
DA:586,0
BRDA:586,0,0,-
BRDA:586,0,1,-
DA:587,0
DA:588,0
DA:589,0
DA:601,0
DA:609,0
DA:610,0
DA:612,0
BRDA:612,0,0,-
BRDA:612,0,1,-
BRDA:612,0,2,-
BRDA:612,0,3,-
DA:614,0
BRDA:614,0,0,-
BRDA:614,0,1,-
DA:616,0
DA:619,0
BRDA:619,0,0,-
BRDA:619,0,1,-
DA:620,0
BRDA:620,0,0,-
BRDA:620,0,1,-
DA:621,0
DA:623,0
BRDA:623,0,0,-
BRDA:623,0,1,-
DA:627,0
BRDA:627,0,0,-
BRDA:627,0,1,-
BRDA:627,0,2,-
BRDA:627,0,3,-
DA:629,0
DA:630,0
DA:631,0
DA:632,0
DA:633,0
DA:634,0
DA:635,0
DA:636,0
DA:638,0
DA:639,0
DA:640,0
DA:641,0
DA:643,0
DA:644,0
DA:645,0
DA:646,0
DA:647,0
DA:650,0
BRDA:650,0,0,-
BRDA:650,0,1,-
DA:652,0
BRDA:652,0,0,-
BRDA:652,0,1,-
BRDA:652,0,2,-
BRDA:652,0,3,-
DA:654,0
DA:655,0
DA:656,0
DA:657,0
DA:659,0
DA:660,0
DA:661,0
DA:662,0
DA:663,0
DA:664,0
DA:665,0
DA:666,0
DA:667,0
DA:669,0
BRDA:669,0,0,-
BRDA:669,0,1,-
DA:671,0
DA:673,0
DA:706,0
DA:709,0
BRDA:709,0,0,-
BRDA:709,0,1,-
BRDA:709,0,2,-
BRDA:709,0,3,-
BRDA:709,0,4,-
BRDA:709,0,5,-
BRDA:709,0,6,-
BRDA:709,0,7,-
BRDA:709,0,8,-
BRDA:709,0,9,-
BRDA:709,0,10,-
BRDA:709,0,11,-
BRDA:709,0,12,-
BRDA:709,0,13,-
BRDA:709,0,14,-
BRDA:709,0,15,-
BRDA:709,0,16,-
BRDA:709,0,17,-
BRDA:709,0,18,-
BRDA:709,0,19,-
DA:712,0
DA:719,0
DA:720,0
DA:721,0
DA:723,0
BRDA:723,0,0,-
BRDA:723,0,1,-
BRDA:723,0,2,-
BRDA:723,0,3,-
DA:725,0
BRDA:725,0,0,-
BRDA:725,0,1,-
DA:727,0
DA:730,0
BRDA:730,0,0,-
BRDA:730,0,1,-
DA:731,0
BRDA:731,0,0,-
BRDA:731,0,1,-
DA:732,0
DA:734,0
BRDA:734,0,0,-
BRDA:734,0,1,-
DA:736,0
BRDA:736,0,0,-
BRDA:736,0,1,-
DA:738,0
DA:739,0
DA:740,0
DA:741,0
DA:742,0
DA:743,0
DA:745,0
BRDA:745,0,0,-
BRDA:745,0,1,-
DA:747,0
DA:749,0
DA:754,0
DA:760,0
BRDA:760,0,0,-
BRDA:760,0,1,-
BRDA:760,0,2,-
BRDA:760,0,3,-
DA:763,0
BRDA:763,0,0,-
BRDA:763,0,1,-
DA:765,0
DA:766,0
DA:767,0
DA:768,0
DA:773,0
DA:778,0
DA:779,0
DA:780,0
DA:781,0
DA:783,0
BRDA:783,0,0,-
BRDA:783,0,1,-
BRDA:783,0,2,-
BRDA:783,0,3,-
DA:785,0
BRDA:785,0,0,-
BRDA:785,0,1,-
BRDA:785,0,2,-
BRDA:785,0,3,-
BRDA:785,0,4,-
DA:787,0
DA:789,0
BRDA:789,0,0,-
BRDA:789,0,1,-
BRDA:789,0,2,-
BRDA:789,0,3,-
DA:790,0
DA:791,0
DA:793,0
BRDA:793,0,0,-
BRDA:793,0,1,-
BRDA:793,0,2,-
BRDA:793,0,3,-
DA:794,0
DA:796,0
DA:798,0
DA:799,0
DA:801,0
DA:803,0
BRDA:803,0,0,-
BRDA:803,0,1,-
BRDA:803,0,2,-
BRDA:803,0,3,-
DA:804,0
DA:806,0
DA:807,0
DA:808,0
DA:809,0
DA:812,0
BRDA:812,0,0,-
BRDA:812,0,1,-
DA:814,0
DA:815,0
DA:816,0
BRDA:816,0,0,-
BRDA:816,0,1,-
DA:817,0
DA:818,0
DA:819,0
DA:821,0
DA:827,0
DA:828,0
DA:836,33
DA:839,33
BRDA:839,0,0,0
BRDA:839,0,1,33
BRDA:839,0,2,0
BRDA:839,0,3,0
BRDA:839,0,4,0
BRDA:839,0,5,0
BRDA:839,0,6,0
BRDA:839,0,7,33
BRDA:839,0,8,0
BRDA:839,0,9,0
BRDA:839,0,10,0
BRDA:839,0,11,33
BRDA:839,0,12,11
BRDA:839,0,13,22
BRDA:839,0,14,33
BRDA:839,0,15,0
BRDA:839,0,16,33
BRDA:839,0,17,0
BRDA:839,0,18,33
BRDA:839,0,19,0
DA:842,0
DA:849,0
DA:850,0
DA:851,0
DA:853,0
BRDA:853,0,0,-
BRDA:853,0,1,-
BRDA:853,0,2,-
BRDA:853,0,3,-
DA:855,0
BRDA:855,0,0,-
BRDA:855,0,1,-
DA:857,0
DA:860,0
BRDA:860,0,0,-
BRDA:860,0,1,-
DA:861,0
BRDA:861,0,0,-
BRDA:861,0,1,-
DA:862,0
DA:864,0
BRDA:864,0,0,-
BRDA:864,0,1,-
DA:866,0
BRDA:866,0,0,-
BRDA:866,0,1,-
DA:868,0
DA:869,0
DA:870,0
DA:871,0
DA:872,0
DA:873,0
DA:875,0
BRDA:875,0,0,-
BRDA:875,0,1,-
DA:877,0
DA:879,0
DA:884,33
DA:890,33
BRDA:890,0,0,33
BRDA:890,0,1,0
BRDA:890,0,2,0
BRDA:890,0,3,33
DA:892,33
BRDA:892,0,0,0
BRDA:892,0,1,33
DA:894,0
DA:895,0
DA:896,0
DA:897,0
DA:903,2
DA:908,2
DA:909,2
DA:910,2
DA:911,2
DA:913,2
BRDA:913,0,0,2
BRDA:913,0,1,0
BRDA:913,0,2,0
BRDA:913,0,3,2
DA:915,2
BRDA:915,0,0,0
BRDA:915,0,1,0
BRDA:915,0,2,2
BRDA:915,0,3,0
BRDA:915,0,4,0
DA:917,0
DA:919,0
BRDA:919,0,0,-
BRDA:919,0,1,-
BRDA:919,0,2,-
BRDA:919,0,3,-
DA:920,0
DA:921,0
DA:923,0
BRDA:923,0,0,-
BRDA:923,0,1,-
BRDA:923,0,2,-
BRDA:923,0,3,-
DA:924,0
DA:926,2
DA:928,2
DA:929,2
DA:931,0
DA:933,0
BRDA:933,0,0,-
BRDA:933,0,1,-
BRDA:933,0,2,-
BRDA:933,0,3,-
DA:934,0
DA:936,0
DA:937,0
DA:938,0
DA:939,0
DA:942,2
BRDA:942,0,0,0
BRDA:942,0,1,2
DA:944,0
DA:945,0
DA:946,0
BRDA:946,0,0,-
BRDA:946,0,1,-
DA:947,0
DA:948,0
DA:949,0
DA:951,0
DA:957,0
DA:958,0
DA:965,0
DA:972,0
BRDA:972,0,0,-
BRDA:972,0,1,-
BRDA:972,0,2,-
BRDA:972,0,3,-
DA:974,0
BRDA:974,0,0,-
BRDA:974,0,1,-
DA:976,0
BRDA:976,0,0,-
BRDA:976,0,1,-
DA:977,0
DA:979,0
DA:983,0
BRDA:983,0,0,-
BRDA:983,0,1,-
DA:984,0
DA:986,0
DA:989,0
BRDA:989,0,0,-
BRDA:989,0,1,-
DA:991,0
DA:992,0
DA:993,0
DA:994,0
DA:995,0
DA:996,0
DA:997,0
DA:998,0
DA:999,0
DA:1004,107
DA:1011,107
BRDA:1011,0,0,107
BRDA:1011,0,1,0
BRDA:1011,0,2,0
BRDA:1011,0,3,107
DA:1014,107
BRDA:1014,0,0,107
BRDA:1014,0,1,0
BRDA:1014,0,2,107
BRDA:1014,0,3,0
DA:1016,8410
BRDA:1016,0,0,8303
BRDA:1016,0,1,107
BRDA:1016,0,2,0
BRDA:1016,0,3,107
DA:1018,8303
BRDA:1018,0,0,0
BRDA:1018,0,1,8303
DA:1020,0
DA:1021,0
DA:1027,0
BRDA:1027,0,0,-
BRDA:1027,0,1,-
DA:1029,0
DA:1033,107
BRDA:1033,0,0,0
BRDA:1033,0,1,107
DA:1035,0
DA:1036,0
DA:1037,0
DA:1038,0
DA:1043,0
DA:1051,0
BRDA:1051,0,0,-
BRDA:1051,0,1,-
BRDA:1051,0,2,-
BRDA:1051,0,3,-
DA:1054,0
BRDA:1054,0,0,-
BRDA:1054,0,1,-
BRDA:1054,0,2,-
BRDA:1054,0,3,-
DA:1056,0
BRDA:1056,0,0,-
BRDA:1056,0,1,-
BRDA:1056,0,2,-
BRDA:1056,0,3,-
BRDA:1056,0,4,-
BRDA:1056,0,5,-
DA:1058,0
BRDA:1058,0,0,-
BRDA:1058,0,1,-
DA:1060,0
DA:1061,0
DA:1067,0
BRDA:1067,0,0,-
BRDA:1067,0,1,-
DA:1069,0
DA:1073,0
BRDA:1073,0,0,-
BRDA:1073,0,1,-
DA:1075,0
DA:1076,0
DA:1077,0
DA:1078,0
DA:1083,0
DA:1090,0
DA:1091,0
DA:1092,0
DA:1093,0
DA:1095,0
BRDA:1095,0,0,-
BRDA:1095,0,1,-
BRDA:1095,0,2,-
BRDA:1095,0,3,-
DA:1098,0
BRDA:1098,0,0,-
BRDA:1098,0,1,-
DA:1100,0
DA:1103,0
BRDA:1103,0,0,-
BRDA:1103,0,1,-
DA:1105,0
DA:1108,0
BRDA:1108,0,0,-
BRDA:1108,0,1,-
DA:1110,0
DA:1113,0
BRDA:1113,0,0,-
BRDA:1113,0,1,-
DA:1115,0
DA:1120,0
DA:1121,0
BRDA:1121,0,0,-
BRDA:1121,0,1,-
DA:1123,0
DA:1127,0
BRDA:1127,0,0,-
BRDA:1127,0,1,-
BRDA:1127,0,2,-
BRDA:1127,0,3,-
DA:1129,0
BRDA:1129,0,0,-
BRDA:1129,0,1,-
BRDA:1129,0,2,-
BRDA:1129,0,3,-
DA:1131,0
BRDA:1131,0,0,-
BRDA:1131,0,1,-
DA:1133,0
DA:1134,0
DA:1140,0
BRDA:1140,0,0,-
BRDA:1140,0,1,-
DA:1142,0
DA:1146,0
BRDA:1146,0,0,-
BRDA:1146,0,1,-
DA:1148,0
DA:1149,0
BRDA:1149,0,0,-
BRDA:1149,0,1,-
DA:1151,0
DA:1152,0
DA:1154,0
DA:1155,0
DA:1156,0
DA:1158,0
BRDA:1158,0,0,-
BRDA:1158,0,1,-
DA:1162,0
DA:1170,0
DA:1171,0
DA:1172,0
DA:1175,0
BRDA:1175,0,0,-
BRDA:1175,0,1,-
BRDA:1175,0,2,-
BRDA:1175,0,3,-
DA:1177,0
BRDA:1177,0,0,-
BRDA:1177,0,1,-
BRDA:1177,0,2,-
BRDA:1177,0,3,-
DA:1179,0
DA:1182,0
BRDA:1182,0,0,-
BRDA:1182,0,1,-
DA:1183,0
BRDA:1183,0,0,-
BRDA:1183,0,1,-
DA:1184,0
DA:1186,0
BRDA:1186,0,0,-
BRDA:1186,0,1,-
DA:1188,0
DA:1189,0
BRDA:1189,0,0,-
BRDA:1189,0,1,-
DA:1191,0
BRDA:1191,0,0,-
BRDA:1191,0,1,-
DA:1193,0
DA:1194,0
DA:1195,0
BRDA:1195,0,0,-
BRDA:1195,0,1,-
DA:1197,0
DA:1198,0
DA:1200,0
DA:1201,0
DA:1202,0
DA:1203,0
DA:1204,0
DA:1205,0
DA:1206,0
DA:1207,0
DA:1209,0
DA:1210,0
DA:1212,0
BRDA:1212,0,0,-
BRDA:1212,0,1,-
DA:1214,0
DA:1237,0
DA:1239,0
BRDA:1239,0,0,-
BRDA:1239,0,1,-
BRDA:1239,0,2,-
BRDA:1239,0,3,-
DA:1241,0
DA:1242,0
DA:1243,0
DA:1245,0
DA:1246,0
DA:1247,0
DA:1250,0
DA:1251,0
DA:1252,0
DA:1254,0
DA:1255,0
DA:1256,0
DA:1261,0
DA:1263,0
DA:1264,0
DA:1269,0
DA:1271,0
DA:1272,0
DA:1280,0
DA:1282,0
BRDA:1282,0,0,-
BRDA:1282,0,1,-
BRDA:1282,0,2,-
BRDA:1282,0,3,-
DA:1284,0
DA:1285,0
DA:1286,0
BRDA:1286,0,0,-
BRDA:1286,0,1,-
DA:1288,0
DA:1291,0
BRDA:1291,0,0,-
BRDA:1291,0,1,-
DA:1293,0
DA:1294,0
DA:1295,0
BRDA:1295,0,0,-
BRDA:1295,0,1,-
DA:1297,0
DA:1298,0
DA:1300,0
DA:1303,0
BRDA:1303,0,0,-
BRDA:1303,0,1,-
DA:1305,0
DA:1307,0
DA:1310,0
DA:1314,1
DA:1316,1
BRDA:1316,0,0,1
BRDA:1316,0,1,0
BRDA:1316,0,2,0
BRDA:1316,0,3,1
DA:1318,1
DA:1319,1
DA:1320,1
BRDA:1320,0,0,0
BRDA:1320,0,1,1
DA:1322,0
DA:1323,0
DA:1324,0
DA:1326,1
DA:1330,153
DA:1332,153
DA:1333,153
DA:1334,153
DA:1335,153
DA:1336,153
BRDA:1336,0,0,153
BRDA:1336,0,1,1
DA:1338,153
DA:1339,153
DA:1341,153
BRDA:1341,0,0,153
BRDA:1341,0,1,0
DA:1343,153
DA:1345,153
DA:1346,153
DA:1349,18
DA:1351,18
DA:1352,18
DA:1353,18
DA:1354,18
DA:1355,18
DA:1356,18
DA:1357,18
DA:1358,18
DA:1360,18
DA:1362,18
DA:1365,18
DA:1367,18
DA:1368,18
DA:1369,18
DA:1370,18
DA:1371,18
DA:1372,18
DA:1373,18
DA:1374,18
DA:1375,18
DA:1376,18
DA:1377,18
BRDA:1377,0,0,18
BRDA:1377,0,1,0
DA:1379,18
DA:1383,0
DA:1388,18
DA:1391,18
BRF:458
BRH:50
LF:606
LH:111
end_of_record
